2018-10-19 17:09:22.686  INFO 8280 --- [main] com.awssd.demo.DemoApplication           : Starting DemoApplication on DESKTOP-GMB7J2N with PID 8280 (D:\flutter\demoas\target\classes started by ShineTech in D:\flutter\demoas)
2018-10-19 17:09:22.691  INFO 8280 --- [main] com.awssd.demo.DemoApplication           : No active profile set, falling back to default profiles: default
2018-10-19 17:09:22.810  INFO 8280 --- [main] ConfigServletWebServerApplicationContext : Refreshing org.springframework.boot.web.servlet.context.AnnotationConfigServletWebServerApplicationContext@302f7971: startup date [Fri Oct 19 17:09:22 CST 2018]; root of context hierarchy
2018-10-19 17:09:24.617  INFO 8280 --- [main] .s.d.r.c.RepositoryConfigurationDelegate : Multiple Spring Data modules found, entering strict repository configuration mode!
2018-10-19 17:09:26.590  INFO 8280 --- [main] trationDelegate$BeanPostProcessorChecker : Bean 'org.springframework.transaction.annotation.ProxyTransactionManagementConfiguration' of type [org.springframework.transaction.annotation.ProxyTransactionManagementConfiguration$$EnhancerBySpringCGLIB$$7046ea80] is not eligible for getting processed by all BeanPostProcessors (for example: not eligible for auto-proxying)
2018-10-19 17:09:28.118  INFO 8280 --- [main] o.s.b.w.embedded.tomcat.TomcatWebServer  : Tomcat initialized with port(s): 4456 (http)
2018-10-19 17:09:28.161  INFO 8280 --- [main] o.apache.catalina.core.StandardService   : Starting service [Tomcat]
2018-10-19 17:09:28.161  INFO 8280 --- [main] org.apache.catalina.core.StandardEngine  : Starting Servlet Engine: Apache Tomcat/8.5.32
2018-10-19 17:09:28.174  INFO 8280 --- [localhost-startStop-1] o.a.catalina.core.AprLifecycleListener   : The APR based Apache Tomcat Native library which allows optimal performance in production environments was not found on the java.library.path: [E:\Java\bin;C:\WINDOWS\Sun\Java\bin;C:\WINDOWS\system32;C:\WINDOWS;C:\Program Files\Docker\Docker\Resources\bin;C:\Program Files (x86)\Common Files\Oracle\Java\javapath;C:\WINDOWS\system32;C:\WINDOWS;C:\WINDOWS\System32\Wbem;C:\WINDOWS\System32\WindowsPowerShell\v1.0\;C:\Program Files\dotnet\;C:\Program Files\Microsoft SQL Server\130\Tools\Binn\;C:\Program Files\nodejs\;C:\Program Files\SourceGear\Common\DiffMerge\;C:\Program Files\Git\cmd;C:\Program Files (x86)\dotnet\;C:\Program Files\Microsoft SQL Server\Client SDK\ODBC\130\Tools\Binn\;C:\Program Files (x86)\Microsoft SQL Server\140\Tools\Binn\;C:\Program Files\Microsoft SQL Server\140\Tools\Binn\;C:\Program Files\Microsoft SQL Server\140\DTS\Binn\;C:\Program Files (x86)\Microsoft SQL Server\Client SDK\ODBC\130\Tools\Binn\;C:\Program Files (x86)\Microsoft SQL Server\140\DTS\Binn\;C:\Program Files (x86)\Microsoft SQL Server\140\Tools\Binn\ManagementStudio\;D:\flutter\flutter\bin;C:\WINDOWS\System32\OpenSSH\;E:\Java\bin;E:\erlang\erl10.0.1\bin;E:\Maven\Maven\bin\;E:\Sqlite;C:\Users\ShineTech\AppData\Local\Microsoft\WindowsApps;C:\Users\ShineTech\AppData\Roaming\npm;C:\Users\ShineTech\AppData\Local\GitHubDesktop\bin;C:\Program Files\Microsoft VS Code\bin;D:\flutter\flutter\bin;;%USERPROFILE%\AppData\Local\Microsoft\WindowsApps;C:\Users\ShineTech\.dotnet\tools;.]
2018-10-19 17:09:28.400  INFO 8280 --- [localhost-startStop-1] o.a.c.c.C.[Tomcat].[localhost].[/]       : Initializing Spring embedded WebApplicationContext
2018-10-19 17:09:28.400  INFO 8280 --- [localhost-startStop-1] o.s.web.context.ContextLoader            : Root WebApplicationContext: initialization completed in 5590 ms
2018-10-19 17:09:29.025  INFO 8280 --- [localhost-startStop-1] o.s.b.w.servlet.FilterRegistrationBean   : Mapping filter: 'characterEncodingFilter' to: [/*]
2018-10-19 17:09:29.027  INFO 8280 --- [localhost-startStop-1] o.s.b.w.servlet.FilterRegistrationBean   : Mapping filter: 'sessionRepositoryFilter' to: [/*]
2018-10-19 17:09:29.027  INFO 8280 --- [localhost-startStop-1] o.s.b.w.servlet.FilterRegistrationBean   : Mapping filter: 'com.awssd.demo.test.TestFilter' to urls: [/Index1]
2018-10-19 17:09:29.027  INFO 8280 --- [localhost-startStop-1] o.s.b.w.servlet.ServletRegistrationBean  : Servlet dispatcherServlet mapped to [/]
2018-10-19 17:09:29.463  INFO 8280 --- [main] c.a.d.s.SpringSessionConfiguration       : MySessionListenerInitialized
2018-10-19 17:09:29.666  INFO 8280 --- [main] io.lettuce.core.EpollProvider            : Starting without optional epoll library
2018-10-19 17:09:29.668  INFO 8280 --- [main] io.lettuce.core.KqueueProvider           : Starting without optional kqueue library
2018-10-19 17:09:30.671  INFO 8280 --- [main] s.w.s.m.m.a.RequestMappingHandlerMapping : Mapped "{[/Indez]}" onto public java.lang.String com.awssd.demo.controller.TestController.Test()
2018-10-19 17:09:30.675  INFO 8280 --- [main] s.w.s.m.m.a.RequestMappingHandlerMapping : Mapped "{[/Index1]}" onto public java.lang.Object com.awssd.demo.controller.UserQueryController.tick(javax.servlet.http.HttpServletRequest)
2018-10-19 17:09:30.676  INFO 8280 --- [main] s.w.s.m.m.a.RequestMappingHandlerMapping : Mapped "{[/Index2]}" onto public int com.awssd.demo.controller.UserQueryController.tickss(javax.servlet.http.HttpServletRequest)
2018-10-19 17:09:30.677  INFO 8280 --- [main] s.w.s.m.m.a.RequestMappingHandlerMapping : Mapped "{[/queryU/{username}]}" onto public java.util.List<com.awssd.demo.domain.User> com.awssd.demo.controller.UserQueryController.queryProduct(java.lang.String,javax.servlet.http.HttpServletResponse)
2018-10-19 17:09:30.678  INFO 8280 --- [main] s.w.s.m.m.a.RequestMappingHandlerMapping : Mapped "{[/Index/1]}" onto public int com.awssd.demo.controller.UserQueryController.ticks(javax.servlet.http.HttpServletRequest,javax.servlet.http.HttpServletResponse)
2018-10-19 17:09:30.678  INFO 8280 --- [main] s.w.s.m.m.a.RequestMappingHandlerMapping : Mapped "{[/deleteU/{username}]}" onto public int com.awssd.demo.controller.UserQueryController.deleteProduct(java.lang.String,javax.servlet.http.HttpServletResponse)
2018-10-19 17:09:30.694  INFO 8280 --- [main] s.w.s.m.m.a.RequestMappingHandlerMapping : Mapped "{[/error]}" onto public org.springframework.http.ResponseEntity<java.util.Map<java.lang.String, java.lang.Object>> org.springframework.boot.autoconfigure.web.servlet.error.BasicErrorController.error(javax.servlet.http.HttpServletRequest)
2018-10-19 17:09:30.695  INFO 8280 --- [main] s.w.s.m.m.a.RequestMappingHandlerMapping : Mapped "{[/error],produces=[text/html]}" onto public org.springframework.web.servlet.ModelAndView org.springframework.boot.autoconfigure.web.servlet.error.BasicErrorController.errorHtml(javax.servlet.http.HttpServletRequest,javax.servlet.http.HttpServletResponse)
2018-10-19 17:09:30.858  INFO 8280 --- [main] s.w.s.m.m.a.RequestMappingHandlerAdapter : Looking for @ControllerAdvice: org.springframework.boot.web.servlet.context.AnnotationConfigServletWebServerApplicationContext@302f7971: startup date [Fri Oct 19 17:09:22 CST 2018]; root of context hierarchy
2018-10-19 17:09:32.201  INFO 8280 --- [main] o.s.j.e.a.AnnotationMBeanExporter        : Registering beans for JMX exposure on startup
2018-10-19 17:09:32.203  INFO 8280 --- [main] o.s.j.e.a.AnnotationMBeanExporter        : Bean with name 'dataSource' has been autodetected for JMX exposure
2018-10-19 17:09:32.212  INFO 8280 --- [main] o.s.j.e.a.AnnotationMBeanExporter        : Located MBean 'dataSource': registering with JMX server as MBean [com.zaxxer.hikari:name=dataSource,type=HikariDataSource]
2018-10-19 17:09:32.219  INFO 8280 --- [main] o.s.c.support.DefaultLifecycleProcessor  : Starting beans in phase 2147483647
2018-10-19 17:09:32.334  INFO 8280 --- [main] s.a.ScheduledAnnotationBeanPostProcessor : No TaskScheduler/ScheduledExecutorService bean found for scheduled processing
2018-10-19 17:09:32.369  INFO 8280 --- [main] o.s.b.w.embedded.tomcat.TomcatWebServer  : Tomcat started on port(s): 4456 (http) with context path ''
2018-10-19 17:09:32.377  INFO 8280 --- [main] com.awssd.demo.DemoApplication           : Started DemoApplication in 10.344 seconds (JVM running for 11.267)
2018-10-19 17:11:46.159  INFO 30300 --- [main] com.awssd.demo.DemoApplication           : Starting DemoApplication on DESKTOP-GMB7J2N with PID 30300 (D:\flutter\demoas\target\classes started by ShineTech in D:\flutter\demoas)
2018-10-19 17:11:46.162  INFO 30300 --- [main] com.awssd.demo.DemoApplication           : No active profile set, falling back to default profiles: default
2018-10-19 17:11:46.270  INFO 30300 --- [main] ConfigServletWebServerApplicationContext : Refreshing org.springframework.boot.web.servlet.context.AnnotationConfigServletWebServerApplicationContext@51bf5add: startup date [Fri Oct 19 17:11:46 CST 2018]; root of context hierarchy
2018-10-19 17:11:47.774  INFO 30300 --- [main] .s.d.r.c.RepositoryConfigurationDelegate : Multiple Spring Data modules found, entering strict repository configuration mode!
2018-10-19 17:11:49.031  INFO 30300 --- [main] trationDelegate$BeanPostProcessorChecker : Bean 'org.springframework.transaction.annotation.ProxyTransactionManagementConfiguration' of type [org.springframework.transaction.annotation.ProxyTransactionManagementConfiguration$$EnhancerBySpringCGLIB$$e3f26219] is not eligible for getting processed by all BeanPostProcessors (for example: not eligible for auto-proxying)
2018-10-19 17:11:50.151  INFO 30300 --- [main] o.s.b.w.embedded.tomcat.TomcatWebServer  : Tomcat initialized with port(s): 4456 (http)
2018-10-19 17:11:50.188  INFO 30300 --- [main] o.apache.catalina.core.StandardService   : Starting service [Tomcat]
2018-10-19 17:11:50.188  INFO 30300 --- [main] org.apache.catalina.core.StandardEngine  : Starting Servlet Engine: Apache Tomcat/8.5.32
2018-10-19 17:11:50.202  INFO 30300 --- [localhost-startStop-1] o.a.catalina.core.AprLifecycleListener   : The APR based Apache Tomcat Native library which allows optimal performance in production environments was not found on the java.library.path: [E:\Java\bin;C:\WINDOWS\Sun\Java\bin;C:\WINDOWS\system32;C:\WINDOWS;C:\Program Files\Docker\Docker\Resources\bin;C:\Program Files (x86)\Common Files\Oracle\Java\javapath;C:\WINDOWS\system32;C:\WINDOWS;C:\WINDOWS\System32\Wbem;C:\WINDOWS\System32\WindowsPowerShell\v1.0\;C:\Program Files\dotnet\;C:\Program Files\Microsoft SQL Server\130\Tools\Binn\;C:\Program Files\nodejs\;C:\Program Files\SourceGear\Common\DiffMerge\;C:\Program Files\Git\cmd;C:\Program Files (x86)\dotnet\;C:\Program Files\Microsoft SQL Server\Client SDK\ODBC\130\Tools\Binn\;C:\Program Files (x86)\Microsoft SQL Server\140\Tools\Binn\;C:\Program Files\Microsoft SQL Server\140\Tools\Binn\;C:\Program Files\Microsoft SQL Server\140\DTS\Binn\;C:\Program Files (x86)\Microsoft SQL Server\Client SDK\ODBC\130\Tools\Binn\;C:\Program Files (x86)\Microsoft SQL Server\140\DTS\Binn\;C:\Program Files (x86)\Microsoft SQL Server\140\Tools\Binn\ManagementStudio\;D:\flutter\flutter\bin;C:\WINDOWS\System32\OpenSSH\;E:\Java\bin;E:\erlang\erl10.0.1\bin;E:\Maven\Maven\bin\;E:\Sqlite;C:\Users\ShineTech\AppData\Local\Microsoft\WindowsApps;C:\Users\ShineTech\AppData\Roaming\npm;C:\Users\ShineTech\AppData\Local\GitHubDesktop\bin;C:\Program Files\Microsoft VS Code\bin;D:\flutter\flutter\bin;;%USERPROFILE%\AppData\Local\Microsoft\WindowsApps;C:\Users\ShineTech\.dotnet\tools;.]
2018-10-19 17:11:50.409  INFO 30300 --- [localhost-startStop-1] o.a.c.c.C.[Tomcat].[localhost].[/]       : Initializing Spring embedded WebApplicationContext
2018-10-19 17:11:50.409  INFO 30300 --- [localhost-startStop-1] o.s.web.context.ContextLoader            : Root WebApplicationContext: initialization completed in 4139 ms
2018-10-19 17:11:51.016  INFO 30300 --- [localhost-startStop-1] o.s.b.w.servlet.FilterRegistrationBean   : Mapping filter: 'characterEncodingFilter' to: [/*]
2018-10-19 17:11:51.016  INFO 30300 --- [localhost-startStop-1] o.s.b.w.servlet.FilterRegistrationBean   : Mapping filter: 'sessionRepositoryFilter' to: [/*]
2018-10-19 17:11:51.017  INFO 30300 --- [localhost-startStop-1] o.s.b.w.servlet.FilterRegistrationBean   : Mapping filter: 'com.awssd.demo.test.TestFilter' to urls: [/Index1]
2018-10-19 17:11:51.017  INFO 30300 --- [localhost-startStop-1] o.s.b.w.servlet.ServletRegistrationBean  : Servlet dispatcherServlet mapped to [/]
2018-10-19 17:11:51.489  INFO 30300 --- [main] c.a.d.s.SpringSessionConfiguration       : MySessionListenerInitialized
2018-10-19 17:11:51.616  INFO 30300 --- [main] io.lettuce.core.EpollProvider            : Starting without optional epoll library
2018-10-19 17:11:51.617  INFO 30300 --- [main] io.lettuce.core.KqueueProvider           : Starting without optional kqueue library
2018-10-19 17:11:52.433  INFO 30300 --- [main] s.w.s.m.m.a.RequestMappingHandlerMapping : Mapped "{[/Indez]}" onto public java.lang.String com.awssd.demo.controller.TestController.Test()
2018-10-19 17:11:52.435  INFO 30300 --- [main] s.w.s.m.m.a.RequestMappingHandlerMapping : Mapped "{[/Index1]}" onto public java.lang.Object com.awssd.demo.controller.UserQueryController.tick(javax.servlet.http.HttpServletRequest)
2018-10-19 17:11:52.435  INFO 30300 --- [main] s.w.s.m.m.a.RequestMappingHandlerMapping : Mapped "{[/Index/1]}" onto public int com.awssd.demo.controller.UserQueryController.ticks(javax.servlet.http.HttpServletRequest,javax.servlet.http.HttpServletResponse)
2018-10-19 17:11:52.435  INFO 30300 --- [main] s.w.s.m.m.a.RequestMappingHandlerMapping : Mapped "{[/Index2]}" onto public int com.awssd.demo.controller.UserQueryController.tickss(javax.servlet.http.HttpServletRequest)
2018-10-19 17:11:52.436  INFO 30300 --- [main] s.w.s.m.m.a.RequestMappingHandlerMapping : Mapped "{[/queryU/{username}]}" onto public java.util.List<com.awssd.demo.domain.User> com.awssd.demo.controller.UserQueryController.queryProduct(java.lang.String,javax.servlet.http.HttpServletResponse)
2018-10-19 17:11:52.437  INFO 30300 --- [main] s.w.s.m.m.a.RequestMappingHandlerMapping : Mapped "{[/deleteU/{username}]}" onto public int com.awssd.demo.controller.UserQueryController.deleteProduct(java.lang.String,javax.servlet.http.HttpServletResponse)
2018-10-19 17:11:52.450  INFO 30300 --- [main] s.w.s.m.m.a.RequestMappingHandlerMapping : Mapped "{[/error]}" onto public org.springframework.http.ResponseEntity<java.util.Map<java.lang.String, java.lang.Object>> org.springframework.boot.autoconfigure.web.servlet.error.BasicErrorController.error(javax.servlet.http.HttpServletRequest)
2018-10-19 17:11:52.450  INFO 30300 --- [main] s.w.s.m.m.a.RequestMappingHandlerMapping : Mapped "{[/error],produces=[text/html]}" onto public org.springframework.web.servlet.ModelAndView org.springframework.boot.autoconfigure.web.servlet.error.BasicErrorController.errorHtml(javax.servlet.http.HttpServletRequest,javax.servlet.http.HttpServletResponse)
2018-10-19 17:11:52.589  INFO 30300 --- [main] s.w.s.m.m.a.RequestMappingHandlerAdapter : Looking for @ControllerAdvice: org.springframework.boot.web.servlet.context.AnnotationConfigServletWebServerApplicationContext@51bf5add: startup date [Fri Oct 19 17:11:46 CST 2018]; root of context hierarchy
2018-10-19 17:11:53.497  INFO 30300 --- [main] o.s.j.e.a.AnnotationMBeanExporter        : Registering beans for JMX exposure on startup
2018-10-19 17:11:53.500  INFO 30300 --- [main] o.s.j.e.a.AnnotationMBeanExporter        : Bean with name 'dataSource' has been autodetected for JMX exposure
2018-10-19 17:11:53.510  INFO 30300 --- [main] o.s.j.e.a.AnnotationMBeanExporter        : Located MBean 'dataSource': registering with JMX server as MBean [com.zaxxer.hikari:name=dataSource,type=HikariDataSource]
2018-10-19 17:11:53.516  INFO 30300 --- [main] o.s.c.support.DefaultLifecycleProcessor  : Starting beans in phase 2147483647
2018-10-19 17:11:53.611  INFO 30300 --- [main] s.a.ScheduledAnnotationBeanPostProcessor : No TaskScheduler/ScheduledExecutorService bean found for scheduled processing
2018-10-19 17:11:53.640  INFO 30300 --- [main] o.s.b.w.embedded.tomcat.TomcatWebServer  : Tomcat started on port(s): 4456 (http) with context path ''
2018-10-19 17:11:53.645  INFO 30300 --- [main] com.awssd.demo.DemoApplication           : Started DemoApplication in 7.986 seconds (JVM running for 8.667)
2018-10-19 17:12:42.199  INFO 30300 --- [http-nio-4456-exec-10] o.apache.tomcat.util.http.parser.Cookie  : A cookie header was received [1539764971; JSESSIONID.67f5ded7=node012p9l5mu3rwdplrapa6rp3e6d0.node0; Idea-23bf4e2d=3f814728-5ccc-4023-a24a-f273e0a2060f; Hm_lpvt_dde6ba2851f3db0ddc415ce0f895822e=1539939251; SESSION=OGJlYThmNTgtMzQyYS00OTU4LWEyODUtZmE4ZGZmYzFkZTE3] that contained an invalid cookie. That cookie will be ignored.Note: further occurrences of this error will be logged at DEBUG level.
2018-10-19 17:12:42.207  INFO 30300 --- [http-nio-4456-exec-10] o.a.c.c.C.[Tomcat].[localhost].[/]       : Initializing Spring FrameworkServlet 'dispatcherServlet'
2018-10-19 17:12:42.209  INFO 30300 --- [http-nio-4456-exec-10] o.s.web.servlet.DispatcherServlet        : FrameworkServlet 'dispatcherServlet': initialization started
2018-10-19 17:12:42.248  INFO 30300 --- [http-nio-4456-exec-10] o.s.web.servlet.DispatcherServlet        : FrameworkServlet 'dispatcherServlet': initialization completed in 39 ms
2018-10-19 17:12:42.329  INFO 30300 --- [redisMessageListenerContainer-2] c.a.d.s.SpringSessionConfiguration       : onSessionCreated
2018-10-19 17:13:02.370  INFO 30300 --- [redisMessageListenerContainer-3] c.a.d.s.SpringSessionConfiguration       : onSessionExpired
2018-10-19 17:42:35.548  INFO 26244 --- [main] com.awssd.demo.DemoApplication           : Starting DemoApplication on DESKTOP-GMB7J2N with PID 26244 (D:\flutter\demoas\target\classes started by ShineTech in D:\flutter\demoas)
2018-10-19 17:42:35.554  INFO 26244 --- [main] com.awssd.demo.DemoApplication           : No active profile set, falling back to default profiles: default
2018-10-19 17:42:35.669  INFO 26244 --- [main] ConfigServletWebServerApplicationContext : Refreshing org.springframework.boot.web.servlet.context.AnnotationConfigServletWebServerApplicationContext@51bf5add: startup date [Fri Oct 19 17:42:35 CST 2018]; root of context hierarchy
2018-10-19 17:42:37.351  INFO 26244 --- [main] .s.d.r.c.RepositoryConfigurationDelegate : Multiple Spring Data modules found, entering strict repository configuration mode!
2018-10-19 17:42:39.033  INFO 26244 --- [main] trationDelegate$BeanPostProcessorChecker : Bean 'org.springframework.transaction.annotation.ProxyTransactionManagementConfiguration' of type [org.springframework.transaction.annotation.ProxyTransactionManagementConfiguration$$EnhancerBySpringCGLIB$$6b79d3b4] is not eligible for getting processed by all BeanPostProcessors (for example: not eligible for auto-proxying)
2018-10-19 17:42:40.911  INFO 26244 --- [main] o.s.b.w.embedded.tomcat.TomcatWebServer  : Tomcat initialized with port(s): 4456 (http)
2018-10-19 17:42:40.970  INFO 26244 --- [main] o.apache.catalina.core.StandardService   : Starting service [Tomcat]
2018-10-19 17:42:40.971  INFO 26244 --- [main] org.apache.catalina.core.StandardEngine  : Starting Servlet Engine: Apache Tomcat/8.5.32
2018-10-19 17:42:40.988  INFO 26244 --- [localhost-startStop-1] o.a.catalina.core.AprLifecycleListener   : The APR based Apache Tomcat Native library which allows optimal performance in production environments was not found on the java.library.path: [E:\Java\bin;C:\WINDOWS\Sun\Java\bin;C:\WINDOWS\system32;C:\WINDOWS;C:\Program Files\Docker\Docker\Resources\bin;C:\Program Files (x86)\Common Files\Oracle\Java\javapath;C:\WINDOWS\system32;C:\WINDOWS;C:\WINDOWS\System32\Wbem;C:\WINDOWS\System32\WindowsPowerShell\v1.0\;C:\Program Files\dotnet\;C:\Program Files\Microsoft SQL Server\130\Tools\Binn\;C:\Program Files\nodejs\;C:\Program Files\SourceGear\Common\DiffMerge\;C:\Program Files\Git\cmd;C:\Program Files (x86)\dotnet\;C:\Program Files\Microsoft SQL Server\Client SDK\ODBC\130\Tools\Binn\;C:\Program Files (x86)\Microsoft SQL Server\140\Tools\Binn\;C:\Program Files\Microsoft SQL Server\140\Tools\Binn\;C:\Program Files\Microsoft SQL Server\140\DTS\Binn\;C:\Program Files (x86)\Microsoft SQL Server\Client SDK\ODBC\130\Tools\Binn\;C:\Program Files (x86)\Microsoft SQL Server\140\DTS\Binn\;C:\Program Files (x86)\Microsoft SQL Server\140\Tools\Binn\ManagementStudio\;D:\flutter\flutter\bin;C:\WINDOWS\System32\OpenSSH\;E:\Java\bin;E:\erlang\erl10.0.1\bin;E:\Maven\Maven\bin\;E:\Sqlite;C:\Users\ShineTech\AppData\Local\Microsoft\WindowsApps;C:\Users\ShineTech\AppData\Roaming\npm;C:\Users\ShineTech\AppData\Local\GitHubDesktop\bin;C:\Program Files\Microsoft VS Code\bin;D:\flutter\flutter\bin;;%USERPROFILE%\AppData\Local\Microsoft\WindowsApps;C:\Users\ShineTech\.dotnet\tools;.]
2018-10-19 17:42:41.306  INFO 26244 --- [localhost-startStop-1] o.a.c.c.C.[Tomcat].[localhost].[/]       : Initializing Spring embedded WebApplicationContext
2018-10-19 17:42:41.306  INFO 26244 --- [localhost-startStop-1] o.s.web.context.ContextLoader            : Root WebApplicationContext: initialization completed in 5637 ms
2018-10-19 17:42:41.971  INFO 26244 --- [localhost-startStop-1] o.s.b.w.servlet.FilterRegistrationBean   : Mapping filter: 'characterEncodingFilter' to: [/*]
2018-10-19 17:42:41.971  INFO 26244 --- [localhost-startStop-1] o.s.b.w.servlet.FilterRegistrationBean   : Mapping filter: 'sessionRepositoryFilter' to: [/*]
2018-10-19 17:42:41.972  INFO 26244 --- [localhost-startStop-1] o.s.b.w.servlet.ServletRegistrationBean  : Servlet dispatcherServlet mapped to [/]
2018-10-19 17:42:42.430  INFO 26244 --- [main] c.a.d.s.SpringSessionConfiguration       : MySessionListenerInitialized
2018-10-19 17:42:42.573  INFO 26244 --- [main] io.lettuce.core.EpollProvider            : Starting without optional epoll library
2018-10-19 17:42:42.574  INFO 26244 --- [main] io.lettuce.core.KqueueProvider           : Starting without optional kqueue library
2018-10-19 17:42:43.565  INFO 26244 --- [main] s.w.s.m.m.a.RequestMappingHandlerMapping : Mapped "{[/Indez]}" onto public java.lang.String com.awssd.demo.controller.TestController.Test()
2018-10-19 17:42:43.622  INFO 26244 --- [main] s.w.s.m.m.a.RequestMappingHandlerMapping : Mapped "{[/Index2]}" onto public int com.awssd.demo.controller.UserQueryController.tickss(javax.servlet.http.HttpServletRequest)
2018-10-19 17:42:43.623  INFO 26244 --- [main] s.w.s.m.m.a.RequestMappingHandlerMapping : Mapped "{[/queryU/{username}]}" onto public java.util.List<com.awssd.demo.domain.User> com.awssd.demo.controller.UserQueryController.queryProduct(java.lang.String,javax.servlet.http.HttpServletResponse)
2018-10-19 17:42:43.623  INFO 26244 --- [main] s.w.s.m.m.a.RequestMappingHandlerMapping : Mapped "{[/Index1]}" onto public java.lang.Object com.awssd.demo.controller.UserQueryController.tick(javax.servlet.http.HttpServletRequest)
2018-10-19 17:42:43.624  INFO 26244 --- [main] s.w.s.m.m.a.RequestMappingHandlerMapping : Mapped "{[/deleteU/{username}]}" onto public int com.awssd.demo.controller.UserQueryController.deleteProduct(java.lang.String,javax.servlet.http.HttpServletResponse)
2018-10-19 17:42:43.624  INFO 26244 --- [main] s.w.s.m.m.a.RequestMappingHandlerMapping : Mapped "{[/Index/1]}" onto public int com.awssd.demo.controller.UserQueryController.ticks(javax.servlet.http.HttpServletRequest,javax.servlet.http.HttpServletResponse)
2018-10-19 17:42:43.637  INFO 26244 --- [main] s.w.s.m.m.a.RequestMappingHandlerMapping : Mapped "{[/error]}" onto public org.springframework.http.ResponseEntity<java.util.Map<java.lang.String, java.lang.Object>> org.springframework.boot.autoconfigure.web.servlet.error.BasicErrorController.error(javax.servlet.http.HttpServletRequest)
2018-10-19 17:42:43.639  INFO 26244 --- [main] s.w.s.m.m.a.RequestMappingHandlerMapping : Mapped "{[/error],produces=[text/html]}" onto public org.springframework.web.servlet.ModelAndView org.springframework.boot.autoconfigure.web.servlet.error.BasicErrorController.errorHtml(javax.servlet.http.HttpServletRequest,javax.servlet.http.HttpServletResponse)
2018-10-19 17:42:43.859  INFO 26244 --- [main] s.w.s.m.m.a.RequestMappingHandlerAdapter : Looking for @ControllerAdvice: org.springframework.boot.web.servlet.context.AnnotationConfigServletWebServerApplicationContext@51bf5add: startup date [Fri Oct 19 17:42:35 CST 2018]; root of context hierarchy
2018-10-19 17:42:45.353  INFO 26244 --- [main] o.s.j.e.a.AnnotationMBeanExporter        : Registering beans for JMX exposure on startup
2018-10-19 17:42:45.354  INFO 26244 --- [main] o.s.j.e.a.AnnotationMBeanExporter        : Bean with name 'dataSource' has been autodetected for JMX exposure
2018-10-19 17:42:45.362  INFO 26244 --- [main] o.s.j.e.a.AnnotationMBeanExporter        : Located MBean 'dataSource': registering with JMX server as MBean [com.zaxxer.hikari:name=dataSource,type=HikariDataSource]
2018-10-19 17:42:45.373  INFO 26244 --- [main] o.s.c.support.DefaultLifecycleProcessor  : Starting beans in phase 2147483647
2018-10-19 17:42:45.503  INFO 26244 --- [main] s.a.ScheduledAnnotationBeanPostProcessor : No TaskScheduler/ScheduledExecutorService bean found for scheduled processing
2018-10-19 17:42:45.558  INFO 26244 --- [main] o.s.b.w.embedded.tomcat.TomcatWebServer  : Tomcat started on port(s): 4456 (http) with context path ''
2018-10-19 17:42:45.564  INFO 26244 --- [main] com.awssd.demo.DemoApplication           : Started DemoApplication in 10.535 seconds (JVM running for 11.28)
2018-10-19 17:42:59.820  INFO 26244 --- [http-nio-4456-exec-10] o.apache.tomcat.util.http.parser.Cookie  : A cookie header was received [1539764971; JSESSIONID.67f5ded7=node012p9l5mu3rwdplrapa6rp3e6d0.node0; Idea-23bf4e2d=3f814728-5ccc-4023-a24a-f273e0a2060f; Hm_lpvt_dde6ba2851f3db0ddc415ce0f895822e=1539939251; SESSION=ZmExODllY2UtMGI4YS00ZGZkLTg3OTQtYjUyOTIzMzljYTEy] that contained an invalid cookie. That cookie will be ignored.Note: further occurrences of this error will be logged at DEBUG level.
2018-10-19 17:42:59.828  INFO 26244 --- [http-nio-4456-exec-10] o.a.c.c.C.[Tomcat].[localhost].[/]       : Initializing Spring FrameworkServlet 'dispatcherServlet'
2018-10-19 17:42:59.828  INFO 26244 --- [http-nio-4456-exec-10] o.s.web.servlet.DispatcherServlet        : FrameworkServlet 'dispatcherServlet': initialization started
2018-10-19 17:42:59.853  INFO 26244 --- [http-nio-4456-exec-10] o.s.web.servlet.DispatcherServlet        : FrameworkServlet 'dispatcherServlet': initialization completed in 25 ms
2018-10-19 17:43:00.042 ERROR 26244 --- [http-nio-4456-exec-10] o.a.c.c.C.[.[.[/].[dispatcherServlet]    : Servlet.service() for servlet [dispatcherServlet] in context with path [] threw exception

org.springframework.data.redis.RedisSystemException: Error in execution; nested exception is io.lettuce.core.RedisCommandExecutionException: MISCONF Redis is configured to save RDB snapshots, but is currently not able to persist on disk. Commands that may modify the data set are disabled. Please check Redis logs for details about the error.
	at org.springframework.data.redis.connection.lettuce.LettuceExceptionConverter.convert(LettuceExceptionConverter.java:54) ~[spring-data-redis-2.0.9.RELEASE.jar:2.0.9.RELEASE]
	at org.springframework.data.redis.connection.lettuce.LettuceExceptionConverter.convert(LettuceExceptionConverter.java:52) ~[spring-data-redis-2.0.9.RELEASE.jar:2.0.9.RELEASE]
	at org.springframework.data.redis.connection.lettuce.LettuceExceptionConverter.convert(LettuceExceptionConverter.java:41) ~[spring-data-redis-2.0.9.RELEASE.jar:2.0.9.RELEASE]
	at org.springframework.data.redis.PassThroughExceptionTranslationStrategy.translate(PassThroughExceptionTranslationStrategy.java:44) ~[spring-data-redis-2.0.9.RELEASE.jar:2.0.9.RELEASE]
	at org.springframework.data.redis.FallbackExceptionTranslationStrategy.translate(FallbackExceptionTranslationStrategy.java:42) ~[spring-data-redis-2.0.9.RELEASE.jar:2.0.9.RELEASE]
	at org.springframework.data.redis.connection.lettuce.LettuceConnection.convertLettuceAccessException(LettuceConnection.java:257) ~[spring-data-redis-2.0.9.RELEASE.jar:2.0.9.RELEASE]
	at org.springframework.data.redis.connection.lettuce.LettuceHashCommands.convertLettuceAccessException(LettuceHashCommands.java:445) ~[spring-data-redis-2.0.9.RELEASE.jar:2.0.9.RELEASE]
	at org.springframework.data.redis.connection.lettuce.LettuceHashCommands.hMSet(LettuceHashCommands.java:346) ~[spring-data-redis-2.0.9.RELEASE.jar:2.0.9.RELEASE]
	at org.springframework.data.redis.connection.DefaultedRedisConnection.hMSet(DefaultedRedisConnection.java:902) ~[spring-data-redis-2.0.9.RELEASE.jar:2.0.9.RELEASE]
	at org.springframework.data.redis.core.DefaultHashOperations.lambda$putAll$6(DefaultHashOperations.java:137) ~[spring-data-redis-2.0.9.RELEASE.jar:2.0.9.RELEASE]
	at org.springframework.data.redis.core.RedisTemplate.execute(RedisTemplate.java:224) ~[spring-data-redis-2.0.9.RELEASE.jar:2.0.9.RELEASE]
	at org.springframework.data.redis.core.RedisTemplate.execute(RedisTemplate.java:184) ~[spring-data-redis-2.0.9.RELEASE.jar:2.0.9.RELEASE]
	at org.springframework.data.redis.core.AbstractOperations.execute(AbstractOperations.java:95) ~[spring-data-redis-2.0.9.RELEASE.jar:2.0.9.RELEASE]
	at org.springframework.data.redis.core.DefaultHashOperations.putAll(DefaultHashOperations.java:136) ~[spring-data-redis-2.0.9.RELEASE.jar:2.0.9.RELEASE]
	at org.springframework.data.redis.core.DefaultBoundHashOperations.putAll(DefaultBoundHashOperations.java:136) ~[spring-data-redis-2.0.9.RELEASE.jar:2.0.9.RELEASE]
	at org.springframework.session.data.redis.RedisOperationsSessionRepository$RedisSession.saveDelta(RedisOperationsSessionRepository.java:776) ~[spring-session-data-redis-2.0.5.RELEASE.jar:2.0.5.RELEASE]
	at org.springframework.session.data.redis.RedisOperationsSessionRepository$RedisSession.access$000(RedisOperationsSessionRepository.java:649) ~[spring-session-data-redis-2.0.5.RELEASE.jar:2.0.5.RELEASE]
	at org.springframework.session.data.redis.RedisOperationsSessionRepository.save(RedisOperationsSessionRepository.java:384) ~[spring-session-data-redis-2.0.5.RELEASE.jar:2.0.5.RELEASE]
	at org.springframework.session.data.redis.RedisOperationsSessionRepository.save(RedisOperationsSessionRepository.java:245) ~[spring-session-data-redis-2.0.5.RELEASE.jar:2.0.5.RELEASE]
	at org.springframework.session.web.http.SessionRepositoryFilter$SessionRepositoryRequestWrapper.commitSession(SessionRepositoryFilter.java:234) ~[spring-session-core-2.0.5.RELEASE.jar:2.0.5.RELEASE]
	at org.springframework.session.web.http.SessionRepositoryFilter$SessionRepositoryRequestWrapper.access$100(SessionRepositoryFilter.java:197) ~[spring-session-core-2.0.5.RELEASE.jar:2.0.5.RELEASE]
	at org.springframework.session.web.http.SessionRepositoryFilter.doFilterInternal(SessionRepositoryFilter.java:150) ~[spring-session-core-2.0.5.RELEASE.jar:2.0.5.RELEASE]
	at org.springframework.session.web.http.OncePerRequestFilter.doFilter(OncePerRequestFilter.java:81) ~[spring-session-core-2.0.5.RELEASE.jar:2.0.5.RELEASE]
	at org.apache.catalina.core.ApplicationFilterChain.internalDoFilter(ApplicationFilterChain.java:193) ~[tomcat-embed-core-8.5.32.jar:8.5.32]
	at org.apache.catalina.core.ApplicationFilterChain.doFilter(ApplicationFilterChain.java:166) ~[tomcat-embed-core-8.5.32.jar:8.5.32]
	at org.springframework.web.filter.CharacterEncodingFilter.doFilterInternal(CharacterEncodingFilter.java:200) ~[spring-web-5.0.8.RELEASE.jar:5.0.8.RELEASE]
	at org.springframework.web.filter.OncePerRequestFilter.doFilter(OncePerRequestFilter.java:107) ~[spring-web-5.0.8.RELEASE.jar:5.0.8.RELEASE]
	at org.apache.catalina.core.ApplicationFilterChain.internalDoFilter(ApplicationFilterChain.java:193) ~[tomcat-embed-core-8.5.32.jar:8.5.32]
	at org.apache.catalina.core.ApplicationFilterChain.doFilter(ApplicationFilterChain.java:166) ~[tomcat-embed-core-8.5.32.jar:8.5.32]
	at org.apache.catalina.core.StandardWrapperValve.invoke(StandardWrapperValve.java:198) ~[tomcat-embed-core-8.5.32.jar:8.5.32]
	at org.apache.catalina.core.StandardContextValve.invoke(StandardContextValve.java:96) [tomcat-embed-core-8.5.32.jar:8.5.32]
	at org.apache.catalina.authenticator.AuthenticatorBase.invoke(AuthenticatorBase.java:493) [tomcat-embed-core-8.5.32.jar:8.5.32]
	at org.apache.catalina.core.StandardHostValve.invoke(StandardHostValve.java:140) [tomcat-embed-core-8.5.32.jar:8.5.32]
	at org.apache.catalina.valves.ErrorReportValve.invoke(ErrorReportValve.java:81) [tomcat-embed-core-8.5.32.jar:8.5.32]
	at org.apache.catalina.core.StandardEngineValve.invoke(StandardEngineValve.java:87) [tomcat-embed-core-8.5.32.jar:8.5.32]
	at org.apache.catalina.connector.CoyoteAdapter.service(CoyoteAdapter.java:342) [tomcat-embed-core-8.5.32.jar:8.5.32]
	at org.apache.coyote.http11.Http11Processor.service(Http11Processor.java:800) [tomcat-embed-core-8.5.32.jar:8.5.32]
	at org.apache.coyote.AbstractProcessorLight.process(AbstractProcessorLight.java:66) [tomcat-embed-core-8.5.32.jar:8.5.32]
	at org.apache.coyote.AbstractProtocol$ConnectionHandler.process(AbstractProtocol.java:800) [tomcat-embed-core-8.5.32.jar:8.5.32]
	at org.apache.tomcat.util.net.NioEndpoint$SocketProcessor.doRun(NioEndpoint.java:1471) [tomcat-embed-core-8.5.32.jar:8.5.32]
	at org.apache.tomcat.util.net.SocketProcessorBase.run(SocketProcessorBase.java:49) [tomcat-embed-core-8.5.32.jar:8.5.32]
	at java.base/java.util.concurrent.ThreadPoolExecutor.runWorker(ThreadPoolExecutor.java:1135) [na:na]
	at java.base/java.util.concurrent.ThreadPoolExecutor$Worker.run(ThreadPoolExecutor.java:635) [na:na]
	at org.apache.tomcat.util.threads.TaskThread$WrappingRunnable.run(TaskThread.java:61) [tomcat-embed-core-8.5.32.jar:8.5.32]
	at java.base/java.lang.Thread.run(Thread.java:844) [na:na]
Caused by: io.lettuce.core.RedisCommandExecutionException: MISCONF Redis is configured to save RDB snapshots, but is currently not able to persist on disk. Commands that may modify the data set are disabled. Please check Redis logs for details about the error.
	at io.lettuce.core.protocol.AsyncCommand.completeResult(AsyncCommand.java:118) ~[lettuce-core-5.0.4.RELEASE.jar:na]
	at io.lettuce.core.protocol.AsyncCommand.complete(AsyncCommand.java:109) ~[lettuce-core-5.0.4.RELEASE.jar:na]
	at io.lettuce.core.protocol.CommandHandler.complete(CommandHandler.java:598) ~[lettuce-core-5.0.4.RELEASE.jar:na]
	at io.lettuce.core.protocol.CommandHandler.decode(CommandHandler.java:556) ~[lettuce-core-5.0.4.RELEASE.jar:na]
	at io.lettuce.core.protocol.CommandHandler.channelRead(CommandHandler.java:508) ~[lettuce-core-5.0.4.RELEASE.jar:na]
	at io.netty.channel.AbstractChannelHandlerContext.invokeChannelRead(AbstractChannelHandlerContext.java:362) ~[netty-transport-4.1.27.Final.jar:4.1.27.Final]
	at io.netty.channel.AbstractChannelHandlerContext.invokeChannelRead(AbstractChannelHandlerContext.java:348) ~[netty-transport-4.1.27.Final.jar:4.1.27.Final]
	at io.netty.channel.AbstractChannelHandlerContext.fireChannelRead(AbstractChannelHandlerContext.java:340) ~[netty-transport-4.1.27.Final.jar:4.1.27.Final]
	at io.netty.channel.ChannelInboundHandlerAdapter.channelRead(ChannelInboundHandlerAdapter.java:86) ~[netty-transport-4.1.27.Final.jar:4.1.27.Final]
	at io.netty.channel.AbstractChannelHandlerContext.invokeChannelRead(AbstractChannelHandlerContext.java:362) ~[netty-transport-4.1.27.Final.jar:4.1.27.Final]
	at io.netty.channel.AbstractChannelHandlerContext.invokeChannelRead(AbstractChannelHandlerContext.java:348) ~[netty-transport-4.1.27.Final.jar:4.1.27.Final]
	at io.netty.channel.AbstractChannelHandlerContext.fireChannelRead(AbstractChannelHandlerContext.java:340) ~[netty-transport-4.1.27.Final.jar:4.1.27.Final]
	at io.netty.channel.ChannelInboundHandlerAdapter.channelRead(ChannelInboundHandlerAdapter.java:86) ~[netty-transport-4.1.27.Final.jar:4.1.27.Final]
	at io.netty.channel.AbstractChannelHandlerContext.invokeChannelRead(AbstractChannelHandlerContext.java:362) ~[netty-transport-4.1.27.Final.jar:4.1.27.Final]
	at io.netty.channel.AbstractChannelHandlerContext.invokeChannelRead(AbstractChannelHandlerContext.java:348) ~[netty-transport-4.1.27.Final.jar:4.1.27.Final]
	at io.netty.channel.AbstractChannelHandlerContext.fireChannelRead(AbstractChannelHandlerContext.java:340) ~[netty-transport-4.1.27.Final.jar:4.1.27.Final]
	at io.netty.channel.DefaultChannelPipeline$HeadContext.channelRead(DefaultChannelPipeline.java:1434) ~[netty-transport-4.1.27.Final.jar:4.1.27.Final]
	at io.netty.channel.AbstractChannelHandlerContext.invokeChannelRead(AbstractChannelHandlerContext.java:362) ~[netty-transport-4.1.27.Final.jar:4.1.27.Final]
	at io.netty.channel.AbstractChannelHandlerContext.invokeChannelRead(AbstractChannelHandlerContext.java:348) ~[netty-transport-4.1.27.Final.jar:4.1.27.Final]
	at io.netty.channel.DefaultChannelPipeline.fireChannelRead(DefaultChannelPipeline.java:965) ~[netty-transport-4.1.27.Final.jar:4.1.27.Final]
	at io.netty.channel.nio.AbstractNioByteChannel$NioByteUnsafe.read(AbstractNioByteChannel.java:163) ~[netty-transport-4.1.27.Final.jar:4.1.27.Final]
	at io.netty.channel.nio.NioEventLoop.processSelectedKey(NioEventLoop.java:646) ~[netty-transport-4.1.27.Final.jar:4.1.27.Final]
	at io.netty.channel.nio.NioEventLoop.processSelectedKeysPlain(NioEventLoop.java:546) ~[netty-transport-4.1.27.Final.jar:4.1.27.Final]
	at io.netty.channel.nio.NioEventLoop.processSelectedKeys(NioEventLoop.java:500) ~[netty-transport-4.1.27.Final.jar:4.1.27.Final]
	at io.netty.channel.nio.NioEventLoop.run(NioEventLoop.java:460) ~[netty-transport-4.1.27.Final.jar:4.1.27.Final]
	at io.netty.util.concurrent.SingleThreadEventExecutor$5.run(SingleThreadEventExecutor.java:884) ~[netty-common-4.1.27.Final.jar:4.1.27.Final]
	at io.netty.util.concurrent.FastThreadLocalRunnable.run(FastThreadLocalRunnable.java:30) ~[netty-common-4.1.27.Final.jar:4.1.27.Final]
	... 1 common frames omitted

2018-10-19 17:43:00.043 ERROR 26244 --- [pool-1-thread-1] o.s.s.s.TaskUtils$LoggingErrorHandler    : Unexpected error occurred in scheduled task.

org.springframework.data.redis.RedisSystemException: Error in execution; nested exception is io.lettuce.core.RedisCommandExecutionException: MISCONF Redis is configured to save RDB snapshots, but is currently not able to persist on disk. Commands that may modify the data set are disabled. Please check Redis logs for details about the error.
	at org.springframework.data.redis.connection.lettuce.LettuceExceptionConverter.convert(LettuceExceptionConverter.java:54) ~[spring-data-redis-2.0.9.RELEASE.jar:2.0.9.RELEASE]
	at org.springframework.data.redis.connection.lettuce.LettuceExceptionConverter.convert(LettuceExceptionConverter.java:52) ~[spring-data-redis-2.0.9.RELEASE.jar:2.0.9.RELEASE]
	at org.springframework.data.redis.connection.lettuce.LettuceExceptionConverter.convert(LettuceExceptionConverter.java:41) ~[spring-data-redis-2.0.9.RELEASE.jar:2.0.9.RELEASE]
	at org.springframework.data.redis.PassThroughExceptionTranslationStrategy.translate(PassThroughExceptionTranslationStrategy.java:44) ~[spring-data-redis-2.0.9.RELEASE.jar:2.0.9.RELEASE]
	at org.springframework.data.redis.FallbackExceptionTranslationStrategy.translate(FallbackExceptionTranslationStrategy.java:42) ~[spring-data-redis-2.0.9.RELEASE.jar:2.0.9.RELEASE]
	at org.springframework.data.redis.connection.lettuce.LettuceConnection.convertLettuceAccessException(LettuceConnection.java:257) ~[spring-data-redis-2.0.9.RELEASE.jar:2.0.9.RELEASE]
	at org.springframework.data.redis.connection.lettuce.LettuceKeyCommands.convertLettuceAccessException(LettuceKeyCommands.java:650) ~[spring-data-redis-2.0.9.RELEASE.jar:2.0.9.RELEASE]
	at org.springframework.data.redis.connection.lettuce.LettuceKeyCommands.del(LettuceKeyCommands.java:98) ~[spring-data-redis-2.0.9.RELEASE.jar:2.0.9.RELEASE]
	at org.springframework.data.redis.connection.DefaultedRedisConnection.del(DefaultedRedisConnection.java:61) ~[spring-data-redis-2.0.9.RELEASE.jar:2.0.9.RELEASE]
	at org.springframework.data.redis.core.RedisTemplate.lambda$delete$2(RedisTemplate.java:709) ~[spring-data-redis-2.0.9.RELEASE.jar:2.0.9.RELEASE]
	at org.springframework.data.redis.core.RedisTemplate.execute(RedisTemplate.java:224) ~[spring-data-redis-2.0.9.RELEASE.jar:2.0.9.RELEASE]
	at org.springframework.data.redis.core.RedisTemplate.execute(RedisTemplate.java:184) ~[spring-data-redis-2.0.9.RELEASE.jar:2.0.9.RELEASE]
	at org.springframework.data.redis.core.RedisTemplate.delete(RedisTemplate.java:709) ~[spring-data-redis-2.0.9.RELEASE.jar:2.0.9.RELEASE]
	at org.springframework.session.data.redis.RedisSessionExpirationPolicy.cleanExpiredSessions(RedisSessionExpirationPolicy.java:133) ~[spring-session-data-redis-2.0.5.RELEASE.jar:2.0.5.RELEASE]
	at org.springframework.session.data.redis.RedisOperationsSessionRepository.cleanupExpiredSessions(RedisOperationsSessionRepository.java:393) ~[spring-session-data-redis-2.0.5.RELEASE.jar:2.0.5.RELEASE]
	at org.springframework.session.data.redis.config.annotation.web.http.RedisHttpSessionConfiguration.lambda$configureTasks$0(RedisHttpSessionConfiguration.java:242) ~[spring-session-data-redis-2.0.5.RELEASE.jar:2.0.5.RELEASE]
	at org.springframework.scheduling.support.DelegatingErrorHandlingRunnable.run(DelegatingErrorHandlingRunnable.java:54) ~[spring-context-5.0.8.RELEASE.jar:5.0.8.RELEASE]
	at org.springframework.scheduling.concurrent.ReschedulingRunnable.run(ReschedulingRunnable.java:93) [spring-context-5.0.8.RELEASE.jar:5.0.8.RELEASE]
	at java.base/java.util.concurrent.Executors$RunnableAdapter.call(Executors.java:514) [na:na]
	at java.base/java.util.concurrent.FutureTask.run(FutureTask.java:264) [na:na]
	at java.base/java.util.concurrent.ScheduledThreadPoolExecutor$ScheduledFutureTask.run(ScheduledThreadPoolExecutor.java:304) [na:na]
	at java.base/java.util.concurrent.ThreadPoolExecutor.runWorker(ThreadPoolExecutor.java:1135) [na:na]
	at java.base/java.util.concurrent.ThreadPoolExecutor$Worker.run(ThreadPoolExecutor.java:635) [na:na]
	at java.base/java.lang.Thread.run(Thread.java:844) [na:na]
Caused by: io.lettuce.core.RedisCommandExecutionException: MISCONF Redis is configured to save RDB snapshots, but is currently not able to persist on disk. Commands that may modify the data set are disabled. Please check Redis logs for details about the error.
	at io.lettuce.core.protocol.AsyncCommand.completeResult(AsyncCommand.java:118) ~[lettuce-core-5.0.4.RELEASE.jar:na]
	at io.lettuce.core.protocol.AsyncCommand.complete(AsyncCommand.java:109) ~[lettuce-core-5.0.4.RELEASE.jar:na]
	at io.lettuce.core.protocol.CommandHandler.complete(CommandHandler.java:598) ~[lettuce-core-5.0.4.RELEASE.jar:na]
	at io.lettuce.core.protocol.CommandHandler.decode(CommandHandler.java:556) ~[lettuce-core-5.0.4.RELEASE.jar:na]
	at io.lettuce.core.protocol.CommandHandler.channelRead(CommandHandler.java:508) ~[lettuce-core-5.0.4.RELEASE.jar:na]
	at io.netty.channel.AbstractChannelHandlerContext.invokeChannelRead(AbstractChannelHandlerContext.java:362) ~[netty-transport-4.1.27.Final.jar:4.1.27.Final]
	at io.netty.channel.AbstractChannelHandlerContext.invokeChannelRead(AbstractChannelHandlerContext.java:348) ~[netty-transport-4.1.27.Final.jar:4.1.27.Final]
	at io.netty.channel.AbstractChannelHandlerContext.fireChannelRead(AbstractChannelHandlerContext.java:340) ~[netty-transport-4.1.27.Final.jar:4.1.27.Final]
	at io.netty.channel.ChannelInboundHandlerAdapter.channelRead(ChannelInboundHandlerAdapter.java:86) ~[netty-transport-4.1.27.Final.jar:4.1.27.Final]
	at io.netty.channel.AbstractChannelHandlerContext.invokeChannelRead(AbstractChannelHandlerContext.java:362) ~[netty-transport-4.1.27.Final.jar:4.1.27.Final]
	at io.netty.channel.AbstractChannelHandlerContext.invokeChannelRead(AbstractChannelHandlerContext.java:348) ~[netty-transport-4.1.27.Final.jar:4.1.27.Final]
	at io.netty.channel.AbstractChannelHandlerContext.fireChannelRead(AbstractChannelHandlerContext.java:340) ~[netty-transport-4.1.27.Final.jar:4.1.27.Final]
	at io.netty.channel.ChannelInboundHandlerAdapter.channelRead(ChannelInboundHandlerAdapter.java:86) ~[netty-transport-4.1.27.Final.jar:4.1.27.Final]
	at io.netty.channel.AbstractChannelHandlerContext.invokeChannelRead(AbstractChannelHandlerContext.java:362) ~[netty-transport-4.1.27.Final.jar:4.1.27.Final]
	at io.netty.channel.AbstractChannelHandlerContext.invokeChannelRead(AbstractChannelHandlerContext.java:348) ~[netty-transport-4.1.27.Final.jar:4.1.27.Final]
	at io.netty.channel.AbstractChannelHandlerContext.fireChannelRead(AbstractChannelHandlerContext.java:340) ~[netty-transport-4.1.27.Final.jar:4.1.27.Final]
	at io.netty.channel.DefaultChannelPipeline$HeadContext.channelRead(DefaultChannelPipeline.java:1434) ~[netty-transport-4.1.27.Final.jar:4.1.27.Final]
	at io.netty.channel.AbstractChannelHandlerContext.invokeChannelRead(AbstractChannelHandlerContext.java:362) ~[netty-transport-4.1.27.Final.jar:4.1.27.Final]
	at io.netty.channel.AbstractChannelHandlerContext.invokeChannelRead(AbstractChannelHandlerContext.java:348) ~[netty-transport-4.1.27.Final.jar:4.1.27.Final]
	at io.netty.channel.DefaultChannelPipeline.fireChannelRead(DefaultChannelPipeline.java:965) ~[netty-transport-4.1.27.Final.jar:4.1.27.Final]
	at io.netty.channel.nio.AbstractNioByteChannel$NioByteUnsafe.read(AbstractNioByteChannel.java:163) ~[netty-transport-4.1.27.Final.jar:4.1.27.Final]
	at io.netty.channel.nio.NioEventLoop.processSelectedKey(NioEventLoop.java:646) ~[netty-transport-4.1.27.Final.jar:4.1.27.Final]
	at io.netty.channel.nio.NioEventLoop.processSelectedKeysPlain(NioEventLoop.java:546) ~[netty-transport-4.1.27.Final.jar:4.1.27.Final]
	at io.netty.channel.nio.NioEventLoop.processSelectedKeys(NioEventLoop.java:500) ~[netty-transport-4.1.27.Final.jar:4.1.27.Final]
	at io.netty.channel.nio.NioEventLoop.run(NioEventLoop.java:460) ~[netty-transport-4.1.27.Final.jar:4.1.27.Final]
	at io.netty.util.concurrent.SingleThreadEventExecutor$5.run(SingleThreadEventExecutor.java:884) ~[netty-common-4.1.27.Final.jar:4.1.27.Final]
	at io.netty.util.concurrent.FastThreadLocalRunnable.run(FastThreadLocalRunnable.java:30) ~[netty-common-4.1.27.Final.jar:4.1.27.Final]
	... 1 common frames omitted

2018-10-19 17:43:00.544 ERROR 26244 --- [http-nio-4456-exec-10] o.a.c.c.C.[.[.[/].[dispatcherServlet]    : Servlet.service() for servlet [dispatcherServlet] threw exception

org.springframework.data.redis.RedisSystemException: Error in execution; nested exception is io.lettuce.core.RedisCommandExecutionException: MISCONF Redis is configured to save RDB snapshots, but is currently not able to persist on disk. Commands that may modify the data set are disabled. Please check Redis logs for details about the error.
	at org.springframework.data.redis.connection.lettuce.LettuceExceptionConverter.convert(LettuceExceptionConverter.java:54) ~[spring-data-redis-2.0.9.RELEASE.jar:2.0.9.RELEASE]
	at org.springframework.data.redis.connection.lettuce.LettuceExceptionConverter.convert(LettuceExceptionConverter.java:52) ~[spring-data-redis-2.0.9.RELEASE.jar:2.0.9.RELEASE]
	at org.springframework.data.redis.connection.lettuce.LettuceExceptionConverter.convert(LettuceExceptionConverter.java:41) ~[spring-data-redis-2.0.9.RELEASE.jar:2.0.9.RELEASE]
	at org.springframework.data.redis.PassThroughExceptionTranslationStrategy.translate(PassThroughExceptionTranslationStrategy.java:44) ~[spring-data-redis-2.0.9.RELEASE.jar:2.0.9.RELEASE]
	at org.springframework.data.redis.FallbackExceptionTranslationStrategy.translate(FallbackExceptionTranslationStrategy.java:42) ~[spring-data-redis-2.0.9.RELEASE.jar:2.0.9.RELEASE]
	at org.springframework.data.redis.connection.lettuce.LettuceConnection.convertLettuceAccessException(LettuceConnection.java:257) ~[spring-data-redis-2.0.9.RELEASE.jar:2.0.9.RELEASE]
	at org.springframework.data.redis.connection.lettuce.LettuceHashCommands.convertLettuceAccessException(LettuceHashCommands.java:445) ~[spring-data-redis-2.0.9.RELEASE.jar:2.0.9.RELEASE]
	at org.springframework.data.redis.connection.lettuce.LettuceHashCommands.hMSet(LettuceHashCommands.java:346) ~[spring-data-redis-2.0.9.RELEASE.jar:2.0.9.RELEASE]
	at org.springframework.data.redis.connection.DefaultedRedisConnection.hMSet(DefaultedRedisConnection.java:902) ~[spring-data-redis-2.0.9.RELEASE.jar:2.0.9.RELEASE]
	at org.springframework.data.redis.core.DefaultHashOperations.lambda$putAll$6(DefaultHashOperations.java:137) ~[spring-data-redis-2.0.9.RELEASE.jar:2.0.9.RELEASE]
	at org.springframework.data.redis.core.RedisTemplate.execute(RedisTemplate.java:224) ~[spring-data-redis-2.0.9.RELEASE.jar:2.0.9.RELEASE]
	at org.springframework.data.redis.core.RedisTemplate.execute(RedisTemplate.java:184) ~[spring-data-redis-2.0.9.RELEASE.jar:2.0.9.RELEASE]
	at org.springframework.data.redis.core.AbstractOperations.execute(AbstractOperations.java:95) ~[spring-data-redis-2.0.9.RELEASE.jar:2.0.9.RELEASE]
	at org.springframework.data.redis.core.DefaultHashOperations.putAll(DefaultHashOperations.java:136) ~[spring-data-redis-2.0.9.RELEASE.jar:2.0.9.RELEASE]
	at org.springframework.data.redis.core.DefaultBoundHashOperations.putAll(DefaultBoundHashOperations.java:136) ~[spring-data-redis-2.0.9.RELEASE.jar:2.0.9.RELEASE]
	at org.springframework.session.data.redis.RedisOperationsSessionRepository$RedisSession.saveDelta(RedisOperationsSessionRepository.java:776) ~[spring-session-data-redis-2.0.5.RELEASE.jar:2.0.5.RELEASE]
	at org.springframework.session.data.redis.RedisOperationsSessionRepository$RedisSession.access$000(RedisOperationsSessionRepository.java:649) ~[spring-session-data-redis-2.0.5.RELEASE.jar:2.0.5.RELEASE]
	at org.springframework.session.data.redis.RedisOperationsSessionRepository.save(RedisOperationsSessionRepository.java:384) ~[spring-session-data-redis-2.0.5.RELEASE.jar:2.0.5.RELEASE]
	at org.springframework.session.data.redis.RedisOperationsSessionRepository.save(RedisOperationsSessionRepository.java:245) ~[spring-session-data-redis-2.0.5.RELEASE.jar:2.0.5.RELEASE]
	at org.springframework.session.web.http.SessionRepositoryFilter$SessionRepositoryRequestWrapper.commitSession(SessionRepositoryFilter.java:234) ~[spring-session-core-2.0.5.RELEASE.jar:2.0.5.RELEASE]
	at org.springframework.session.web.http.SessionRepositoryFilter$SessionRepositoryRequestWrapper.access$100(SessionRepositoryFilter.java:197) ~[spring-session-core-2.0.5.RELEASE.jar:2.0.5.RELEASE]
	at org.springframework.session.web.http.SessionRepositoryFilter.doFilterInternal(SessionRepositoryFilter.java:150) ~[spring-session-core-2.0.5.RELEASE.jar:2.0.5.RELEASE]
	at org.springframework.session.web.http.OncePerRequestFilter.doFilter(OncePerRequestFilter.java:81) ~[spring-session-core-2.0.5.RELEASE.jar:2.0.5.RELEASE]
	at org.apache.catalina.core.ApplicationFilterChain.internalDoFilter(ApplicationFilterChain.java:193) ~[tomcat-embed-core-8.5.32.jar:8.5.32]
	at org.apache.catalina.core.ApplicationFilterChain.doFilter(ApplicationFilterChain.java:166) ~[tomcat-embed-core-8.5.32.jar:8.5.32]
	at org.apache.catalina.core.ApplicationDispatcher.invoke(ApplicationDispatcher.java:728) [tomcat-embed-core-8.5.32.jar:8.5.32]
	at org.apache.catalina.core.ApplicationDispatcher.processRequest(ApplicationDispatcher.java:472) [tomcat-embed-core-8.5.32.jar:8.5.32]
	at org.apache.catalina.core.ApplicationDispatcher.doForward(ApplicationDispatcher.java:395) [tomcat-embed-core-8.5.32.jar:8.5.32]
	at org.apache.catalina.core.ApplicationDispatcher.forward(ApplicationDispatcher.java:316) [tomcat-embed-core-8.5.32.jar:8.5.32]
	at org.apache.catalina.core.StandardHostValve.custom(StandardHostValve.java:395) [tomcat-embed-core-8.5.32.jar:8.5.32]
	at org.apache.catalina.core.StandardHostValve.status(StandardHostValve.java:254) [tomcat-embed-core-8.5.32.jar:8.5.32]
	at org.apache.catalina.core.StandardHostValve.throwable(StandardHostValve.java:349) [tomcat-embed-core-8.5.32.jar:8.5.32]
	at org.apache.catalina.core.StandardHostValve.invoke(StandardHostValve.java:175) [tomcat-embed-core-8.5.32.jar:8.5.32]
	at org.apache.catalina.valves.ErrorReportValve.invoke(ErrorReportValve.java:81) [tomcat-embed-core-8.5.32.jar:8.5.32]
	at org.apache.catalina.core.StandardEngineValve.invoke(StandardEngineValve.java:87) [tomcat-embed-core-8.5.32.jar:8.5.32]
	at org.apache.catalina.connector.CoyoteAdapter.service(CoyoteAdapter.java:342) [tomcat-embed-core-8.5.32.jar:8.5.32]
	at org.apache.coyote.http11.Http11Processor.service(Http11Processor.java:800) [tomcat-embed-core-8.5.32.jar:8.5.32]
	at org.apache.coyote.AbstractProcessorLight.process(AbstractProcessorLight.java:66) [tomcat-embed-core-8.5.32.jar:8.5.32]
	at org.apache.coyote.AbstractProtocol$ConnectionHandler.process(AbstractProtocol.java:800) [tomcat-embed-core-8.5.32.jar:8.5.32]
	at org.apache.tomcat.util.net.NioEndpoint$SocketProcessor.doRun(NioEndpoint.java:1471) [tomcat-embed-core-8.5.32.jar:8.5.32]
	at org.apache.tomcat.util.net.SocketProcessorBase.run(SocketProcessorBase.java:49) [tomcat-embed-core-8.5.32.jar:8.5.32]
	at java.base/java.util.concurrent.ThreadPoolExecutor.runWorker(ThreadPoolExecutor.java:1135) [na:na]
	at java.base/java.util.concurrent.ThreadPoolExecutor$Worker.run(ThreadPoolExecutor.java:635) [na:na]
	at org.apache.tomcat.util.threads.TaskThread$WrappingRunnable.run(TaskThread.java:61) [tomcat-embed-core-8.5.32.jar:8.5.32]
	at java.base/java.lang.Thread.run(Thread.java:844) [na:na]
Caused by: io.lettuce.core.RedisCommandExecutionException: MISCONF Redis is configured to save RDB snapshots, but is currently not able to persist on disk. Commands that may modify the data set are disabled. Please check Redis logs for details about the error.
	at io.lettuce.core.protocol.AsyncCommand.completeResult(AsyncCommand.java:118) ~[lettuce-core-5.0.4.RELEASE.jar:na]
	at io.lettuce.core.protocol.AsyncCommand.complete(AsyncCommand.java:109) ~[lettuce-core-5.0.4.RELEASE.jar:na]
	at io.lettuce.core.protocol.CommandHandler.complete(CommandHandler.java:598) ~[lettuce-core-5.0.4.RELEASE.jar:na]
	at io.lettuce.core.protocol.CommandHandler.decode(CommandHandler.java:556) ~[lettuce-core-5.0.4.RELEASE.jar:na]
	at io.lettuce.core.protocol.CommandHandler.channelRead(CommandHandler.java:508) ~[lettuce-core-5.0.4.RELEASE.jar:na]
	at io.netty.channel.AbstractChannelHandlerContext.invokeChannelRead(AbstractChannelHandlerContext.java:362) ~[netty-transport-4.1.27.Final.jar:4.1.27.Final]
	at io.netty.channel.AbstractChannelHandlerContext.invokeChannelRead(AbstractChannelHandlerContext.java:348) ~[netty-transport-4.1.27.Final.jar:4.1.27.Final]
	at io.netty.channel.AbstractChannelHandlerContext.fireChannelRead(AbstractChannelHandlerContext.java:340) ~[netty-transport-4.1.27.Final.jar:4.1.27.Final]
	at io.netty.channel.ChannelInboundHandlerAdapter.channelRead(ChannelInboundHandlerAdapter.java:86) ~[netty-transport-4.1.27.Final.jar:4.1.27.Final]
	at io.netty.channel.AbstractChannelHandlerContext.invokeChannelRead(AbstractChannelHandlerContext.java:362) ~[netty-transport-4.1.27.Final.jar:4.1.27.Final]
	at io.netty.channel.AbstractChannelHandlerContext.invokeChannelRead(AbstractChannelHandlerContext.java:348) ~[netty-transport-4.1.27.Final.jar:4.1.27.Final]
	at io.netty.channel.AbstractChannelHandlerContext.fireChannelRead(AbstractChannelHandlerContext.java:340) ~[netty-transport-4.1.27.Final.jar:4.1.27.Final]
	at io.netty.channel.ChannelInboundHandlerAdapter.channelRead(ChannelInboundHandlerAdapter.java:86) ~[netty-transport-4.1.27.Final.jar:4.1.27.Final]
	at io.netty.channel.AbstractChannelHandlerContext.invokeChannelRead(AbstractChannelHandlerContext.java:362) ~[netty-transport-4.1.27.Final.jar:4.1.27.Final]
	at io.netty.channel.AbstractChannelHandlerContext.invokeChannelRead(AbstractChannelHandlerContext.java:348) ~[netty-transport-4.1.27.Final.jar:4.1.27.Final]
	at io.netty.channel.AbstractChannelHandlerContext.fireChannelRead(AbstractChannelHandlerContext.java:340) ~[netty-transport-4.1.27.Final.jar:4.1.27.Final]
	at io.netty.channel.DefaultChannelPipeline$HeadContext.channelRead(DefaultChannelPipeline.java:1434) ~[netty-transport-4.1.27.Final.jar:4.1.27.Final]
	at io.netty.channel.AbstractChannelHandlerContext.invokeChannelRead(AbstractChannelHandlerContext.java:362) ~[netty-transport-4.1.27.Final.jar:4.1.27.Final]
	at io.netty.channel.AbstractChannelHandlerContext.invokeChannelRead(AbstractChannelHandlerContext.java:348) ~[netty-transport-4.1.27.Final.jar:4.1.27.Final]
	at io.netty.channel.DefaultChannelPipeline.fireChannelRead(DefaultChannelPipeline.java:965) ~[netty-transport-4.1.27.Final.jar:4.1.27.Final]
	at io.netty.channel.nio.AbstractNioByteChannel$NioByteUnsafe.read(AbstractNioByteChannel.java:163) ~[netty-transport-4.1.27.Final.jar:4.1.27.Final]
	at io.netty.channel.nio.NioEventLoop.processSelectedKey(NioEventLoop.java:646) ~[netty-transport-4.1.27.Final.jar:4.1.27.Final]
	at io.netty.channel.nio.NioEventLoop.processSelectedKeysPlain(NioEventLoop.java:546) ~[netty-transport-4.1.27.Final.jar:4.1.27.Final]
	at io.netty.channel.nio.NioEventLoop.processSelectedKeys(NioEventLoop.java:500) ~[netty-transport-4.1.27.Final.jar:4.1.27.Final]
	at io.netty.channel.nio.NioEventLoop.run(NioEventLoop.java:460) ~[netty-transport-4.1.27.Final.jar:4.1.27.Final]
	at io.netty.util.concurrent.SingleThreadEventExecutor$5.run(SingleThreadEventExecutor.java:884) ~[netty-common-4.1.27.Final.jar:4.1.27.Final]
	at io.netty.util.concurrent.FastThreadLocalRunnable.run(FastThreadLocalRunnable.java:30) ~[netty-common-4.1.27.Final.jar:4.1.27.Final]
	... 1 common frames omitted

2018-10-19 17:43:00.560 ERROR 26244 --- [http-nio-4456-exec-10] o.a.c.c.C.[Tomcat].[localhost]           : Exception Processing ErrorPage[errorCode=0, location=/error]

org.springframework.data.redis.RedisSystemException: Error in execution; nested exception is io.lettuce.core.RedisCommandExecutionException: MISCONF Redis is configured to save RDB snapshots, but is currently not able to persist on disk. Commands that may modify the data set are disabled. Please check Redis logs for details about the error.
	at org.springframework.data.redis.connection.lettuce.LettuceExceptionConverter.convert(LettuceExceptionConverter.java:54) ~[spring-data-redis-2.0.9.RELEASE.jar:2.0.9.RELEASE]
	at org.springframework.data.redis.connection.lettuce.LettuceExceptionConverter.convert(LettuceExceptionConverter.java:52) ~[spring-data-redis-2.0.9.RELEASE.jar:2.0.9.RELEASE]
	at org.springframework.data.redis.connection.lettuce.LettuceExceptionConverter.convert(LettuceExceptionConverter.java:41) ~[spring-data-redis-2.0.9.RELEASE.jar:2.0.9.RELEASE]
	at org.springframework.data.redis.PassThroughExceptionTranslationStrategy.translate(PassThroughExceptionTranslationStrategy.java:44) ~[spring-data-redis-2.0.9.RELEASE.jar:2.0.9.RELEASE]
	at org.springframework.data.redis.FallbackExceptionTranslationStrategy.translate(FallbackExceptionTranslationStrategy.java:42) ~[spring-data-redis-2.0.9.RELEASE.jar:2.0.9.RELEASE]
	at org.springframework.data.redis.connection.lettuce.LettuceConnection.convertLettuceAccessException(LettuceConnection.java:257) ~[spring-data-redis-2.0.9.RELEASE.jar:2.0.9.RELEASE]
	at org.springframework.data.redis.connection.lettuce.LettuceHashCommands.convertLettuceAccessException(LettuceHashCommands.java:445) ~[spring-data-redis-2.0.9.RELEASE.jar:2.0.9.RELEASE]
	at org.springframework.data.redis.connection.lettuce.LettuceHashCommands.hMSet(LettuceHashCommands.java:346) ~[spring-data-redis-2.0.9.RELEASE.jar:2.0.9.RELEASE]
	at org.springframework.data.redis.connection.DefaultedRedisConnection.hMSet(DefaultedRedisConnection.java:902) ~[spring-data-redis-2.0.9.RELEASE.jar:2.0.9.RELEASE]
	at org.springframework.data.redis.core.DefaultHashOperations.lambda$putAll$6(DefaultHashOperations.java:137) ~[spring-data-redis-2.0.9.RELEASE.jar:2.0.9.RELEASE]
	at org.springframework.data.redis.core.RedisTemplate.execute(RedisTemplate.java:224) ~[spring-data-redis-2.0.9.RELEASE.jar:2.0.9.RELEASE]
	at org.springframework.data.redis.core.RedisTemplate.execute(RedisTemplate.java:184) ~[spring-data-redis-2.0.9.RELEASE.jar:2.0.9.RELEASE]
	at org.springframework.data.redis.core.AbstractOperations.execute(AbstractOperations.java:95) ~[spring-data-redis-2.0.9.RELEASE.jar:2.0.9.RELEASE]
	at org.springframework.data.redis.core.DefaultHashOperations.putAll(DefaultHashOperations.java:136) ~[spring-data-redis-2.0.9.RELEASE.jar:2.0.9.RELEASE]
	at org.springframework.data.redis.core.DefaultBoundHashOperations.putAll(DefaultBoundHashOperations.java:136) ~[spring-data-redis-2.0.9.RELEASE.jar:2.0.9.RELEASE]
	at org.springframework.session.data.redis.RedisOperationsSessionRepository$RedisSession.saveDelta(RedisOperationsSessionRepository.java:776) ~[spring-session-data-redis-2.0.5.RELEASE.jar:2.0.5.RELEASE]
	at org.springframework.session.data.redis.RedisOperationsSessionRepository$RedisSession.access$000(RedisOperationsSessionRepository.java:649) ~[spring-session-data-redis-2.0.5.RELEASE.jar:2.0.5.RELEASE]
	at org.springframework.session.data.redis.RedisOperationsSessionRepository.save(RedisOperationsSessionRepository.java:384) ~[spring-session-data-redis-2.0.5.RELEASE.jar:2.0.5.RELEASE]
	at org.springframework.session.data.redis.RedisOperationsSessionRepository.save(RedisOperationsSessionRepository.java:245) ~[spring-session-data-redis-2.0.5.RELEASE.jar:2.0.5.RELEASE]
	at org.springframework.session.web.http.SessionRepositoryFilter$SessionRepositoryRequestWrapper.commitSession(SessionRepositoryFilter.java:234) ~[spring-session-core-2.0.5.RELEASE.jar:2.0.5.RELEASE]
	at org.springframework.session.web.http.SessionRepositoryFilter$SessionRepositoryRequestWrapper.access$100(SessionRepositoryFilter.java:197) ~[spring-session-core-2.0.5.RELEASE.jar:2.0.5.RELEASE]
	at org.springframework.session.web.http.SessionRepositoryFilter.doFilterInternal(SessionRepositoryFilter.java:150) ~[spring-session-core-2.0.5.RELEASE.jar:2.0.5.RELEASE]
	at org.springframework.session.web.http.OncePerRequestFilter.doFilter(OncePerRequestFilter.java:81) ~[spring-session-core-2.0.5.RELEASE.jar:2.0.5.RELEASE]
	at org.apache.catalina.core.ApplicationFilterChain.internalDoFilter(ApplicationFilterChain.java:193) ~[tomcat-embed-core-8.5.32.jar:8.5.32]
	at org.apache.catalina.core.ApplicationFilterChain.doFilter(ApplicationFilterChain.java:166) ~[tomcat-embed-core-8.5.32.jar:8.5.32]
	at org.apache.catalina.core.ApplicationDispatcher.invoke(ApplicationDispatcher.java:728) ~[tomcat-embed-core-8.5.32.jar:8.5.32]
	at org.apache.catalina.core.ApplicationDispatcher.processRequest(ApplicationDispatcher.java:472) ~[tomcat-embed-core-8.5.32.jar:8.5.32]
	at org.apache.catalina.core.ApplicationDispatcher.doForward(ApplicationDispatcher.java:395) ~[tomcat-embed-core-8.5.32.jar:8.5.32]
	at org.apache.catalina.core.ApplicationDispatcher.forward(ApplicationDispatcher.java:316) ~[tomcat-embed-core-8.5.32.jar:8.5.32]
	at org.apache.catalina.core.StandardHostValve.custom(StandardHostValve.java:395) [tomcat-embed-core-8.5.32.jar:8.5.32]
	at org.apache.catalina.core.StandardHostValve.status(StandardHostValve.java:254) [tomcat-embed-core-8.5.32.jar:8.5.32]
	at org.apache.catalina.core.StandardHostValve.throwable(StandardHostValve.java:349) [tomcat-embed-core-8.5.32.jar:8.5.32]
	at org.apache.catalina.core.StandardHostValve.invoke(StandardHostValve.java:175) [tomcat-embed-core-8.5.32.jar:8.5.32]
	at org.apache.catalina.valves.ErrorReportValve.invoke(ErrorReportValve.java:81) [tomcat-embed-core-8.5.32.jar:8.5.32]
	at org.apache.catalina.core.StandardEngineValve.invoke(StandardEngineValve.java:87) [tomcat-embed-core-8.5.32.jar:8.5.32]
	at org.apache.catalina.connector.CoyoteAdapter.service(CoyoteAdapter.java:342) [tomcat-embed-core-8.5.32.jar:8.5.32]
	at org.apache.coyote.http11.Http11Processor.service(Http11Processor.java:800) [tomcat-embed-core-8.5.32.jar:8.5.32]
	at org.apache.coyote.AbstractProcessorLight.process(AbstractProcessorLight.java:66) [tomcat-embed-core-8.5.32.jar:8.5.32]
	at org.apache.coyote.AbstractProtocol$ConnectionHandler.process(AbstractProtocol.java:800) [tomcat-embed-core-8.5.32.jar:8.5.32]
	at org.apache.tomcat.util.net.NioEndpoint$SocketProcessor.doRun(NioEndpoint.java:1471) [tomcat-embed-core-8.5.32.jar:8.5.32]
	at org.apache.tomcat.util.net.SocketProcessorBase.run(SocketProcessorBase.java:49) [tomcat-embed-core-8.5.32.jar:8.5.32]
	at java.base/java.util.concurrent.ThreadPoolExecutor.runWorker(ThreadPoolExecutor.java:1135) [na:na]
	at java.base/java.util.concurrent.ThreadPoolExecutor$Worker.run(ThreadPoolExecutor.java:635) [na:na]
	at org.apache.tomcat.util.threads.TaskThread$WrappingRunnable.run(TaskThread.java:61) [tomcat-embed-core-8.5.32.jar:8.5.32]
	at java.base/java.lang.Thread.run(Thread.java:844) [na:na]
Caused by: io.lettuce.core.RedisCommandExecutionException: MISCONF Redis is configured to save RDB snapshots, but is currently not able to persist on disk. Commands that may modify the data set are disabled. Please check Redis logs for details about the error.
	at io.lettuce.core.protocol.AsyncCommand.completeResult(AsyncCommand.java:118) ~[lettuce-core-5.0.4.RELEASE.jar:na]
	at io.lettuce.core.protocol.AsyncCommand.complete(AsyncCommand.java:109) ~[lettuce-core-5.0.4.RELEASE.jar:na]
	at io.lettuce.core.protocol.CommandHandler.complete(CommandHandler.java:598) ~[lettuce-core-5.0.4.RELEASE.jar:na]
	at io.lettuce.core.protocol.CommandHandler.decode(CommandHandler.java:556) ~[lettuce-core-5.0.4.RELEASE.jar:na]
	at io.lettuce.core.protocol.CommandHandler.channelRead(CommandHandler.java:508) ~[lettuce-core-5.0.4.RELEASE.jar:na]
	at io.netty.channel.AbstractChannelHandlerContext.invokeChannelRead(AbstractChannelHandlerContext.java:362) ~[netty-transport-4.1.27.Final.jar:4.1.27.Final]
	at io.netty.channel.AbstractChannelHandlerContext.invokeChannelRead(AbstractChannelHandlerContext.java:348) ~[netty-transport-4.1.27.Final.jar:4.1.27.Final]
	at io.netty.channel.AbstractChannelHandlerContext.fireChannelRead(AbstractChannelHandlerContext.java:340) ~[netty-transport-4.1.27.Final.jar:4.1.27.Final]
	at io.netty.channel.ChannelInboundHandlerAdapter.channelRead(ChannelInboundHandlerAdapter.java:86) ~[netty-transport-4.1.27.Final.jar:4.1.27.Final]
	at io.netty.channel.AbstractChannelHandlerContext.invokeChannelRead(AbstractChannelHandlerContext.java:362) ~[netty-transport-4.1.27.Final.jar:4.1.27.Final]
	at io.netty.channel.AbstractChannelHandlerContext.invokeChannelRead(AbstractChannelHandlerContext.java:348) ~[netty-transport-4.1.27.Final.jar:4.1.27.Final]
	at io.netty.channel.AbstractChannelHandlerContext.fireChannelRead(AbstractChannelHandlerContext.java:340) ~[netty-transport-4.1.27.Final.jar:4.1.27.Final]
	at io.netty.channel.ChannelInboundHandlerAdapter.channelRead(ChannelInboundHandlerAdapter.java:86) ~[netty-transport-4.1.27.Final.jar:4.1.27.Final]
	at io.netty.channel.AbstractChannelHandlerContext.invokeChannelRead(AbstractChannelHandlerContext.java:362) ~[netty-transport-4.1.27.Final.jar:4.1.27.Final]
	at io.netty.channel.AbstractChannelHandlerContext.invokeChannelRead(AbstractChannelHandlerContext.java:348) ~[netty-transport-4.1.27.Final.jar:4.1.27.Final]
	at io.netty.channel.AbstractChannelHandlerContext.fireChannelRead(AbstractChannelHandlerContext.java:340) ~[netty-transport-4.1.27.Final.jar:4.1.27.Final]
	at io.netty.channel.DefaultChannelPipeline$HeadContext.channelRead(DefaultChannelPipeline.java:1434) ~[netty-transport-4.1.27.Final.jar:4.1.27.Final]
	at io.netty.channel.AbstractChannelHandlerContext.invokeChannelRead(AbstractChannelHandlerContext.java:362) ~[netty-transport-4.1.27.Final.jar:4.1.27.Final]
	at io.netty.channel.AbstractChannelHandlerContext.invokeChannelRead(AbstractChannelHandlerContext.java:348) ~[netty-transport-4.1.27.Final.jar:4.1.27.Final]
	at io.netty.channel.DefaultChannelPipeline.fireChannelRead(DefaultChannelPipeline.java:965) ~[netty-transport-4.1.27.Final.jar:4.1.27.Final]
	at io.netty.channel.nio.AbstractNioByteChannel$NioByteUnsafe.read(AbstractNioByteChannel.java:163) ~[netty-transport-4.1.27.Final.jar:4.1.27.Final]
	at io.netty.channel.nio.NioEventLoop.processSelectedKey(NioEventLoop.java:646) ~[netty-transport-4.1.27.Final.jar:4.1.27.Final]
	at io.netty.channel.nio.NioEventLoop.processSelectedKeysPlain(NioEventLoop.java:546) ~[netty-transport-4.1.27.Final.jar:4.1.27.Final]
	at io.netty.channel.nio.NioEventLoop.processSelectedKeys(NioEventLoop.java:500) ~[netty-transport-4.1.27.Final.jar:4.1.27.Final]
	at io.netty.channel.nio.NioEventLoop.run(NioEventLoop.java:460) ~[netty-transport-4.1.27.Final.jar:4.1.27.Final]
	at io.netty.util.concurrent.SingleThreadEventExecutor$5.run(SingleThreadEventExecutor.java:884) ~[netty-common-4.1.27.Final.jar:4.1.27.Final]
	at io.netty.util.concurrent.FastThreadLocalRunnable.run(FastThreadLocalRunnable.java:30) ~[netty-common-4.1.27.Final.jar:4.1.27.Final]
	... 1 common frames omitted

2018-10-19 17:43:27.150  INFO 26244 --- [lettuce-nioEventLoop-4-1] io.lettuce.core.protocol.CommandHandler  : null Unexpected exception during request: java.io.IOException: 

java.io.IOException: 
	at java.base/sun.nio.ch.SocketDispatcher.read0(Native Method) ~[na:na]
	at java.base/sun.nio.ch.SocketDispatcher.read(SocketDispatcher.java:43) ~[na:na]
	at java.base/sun.nio.ch.IOUtil.readIntoNativeBuffer(IOUtil.java:283) ~[na:na]
	at java.base/sun.nio.ch.IOUtil.read(IOUtil.java:236) ~[na:na]
	at java.base/sun.nio.ch.IOUtil.read(IOUtil.java:226) ~[na:na]
	at java.base/sun.nio.ch.SocketChannelImpl.read(SocketChannelImpl.java:382) ~[na:na]
	at io.netty.buffer.PooledUnsafeDirectByteBuf.setBytes(PooledUnsafeDirectByteBuf.java:288) ~[netty-buffer-4.1.27.Final.jar:4.1.27.Final]
	at io.netty.buffer.AbstractByteBuf.writeBytes(AbstractByteBuf.java:1108) ~[netty-buffer-4.1.27.Final.jar:4.1.27.Final]
	at io.netty.channel.socket.nio.NioSocketChannel.doReadBytes(NioSocketChannel.java:345) ~[netty-transport-4.1.27.Final.jar:4.1.27.Final]
	at io.netty.channel.nio.AbstractNioByteChannel$NioByteUnsafe.read(AbstractNioByteChannel.java:148) ~[netty-transport-4.1.27.Final.jar:4.1.27.Final]
	at io.netty.channel.nio.NioEventLoop.processSelectedKey(NioEventLoop.java:646) [netty-transport-4.1.27.Final.jar:4.1.27.Final]
	at io.netty.channel.nio.NioEventLoop.processSelectedKeysPlain(NioEventLoop.java:546) [netty-transport-4.1.27.Final.jar:4.1.27.Final]
	at io.netty.channel.nio.NioEventLoop.processSelectedKeys(NioEventLoop.java:500) [netty-transport-4.1.27.Final.jar:4.1.27.Final]
	at io.netty.channel.nio.NioEventLoop.run(NioEventLoop.java:460) [netty-transport-4.1.27.Final.jar:4.1.27.Final]
	at io.netty.util.concurrent.SingleThreadEventExecutor$5.run(SingleThreadEventExecutor.java:884) [netty-common-4.1.27.Final.jar:4.1.27.Final]
	at io.netty.util.concurrent.FastThreadLocalRunnable.run(FastThreadLocalRunnable.java:30) [netty-common-4.1.27.Final.jar:4.1.27.Final]
	at java.base/java.lang.Thread.run(Thread.java:844) [na:na]

2018-10-19 17:43:27.151  INFO 26244 --- [lettuce-nioEventLoop-4-2] io.lettuce.core.protocol.CommandHandler  : null Unexpected exception during request: java.io.IOException: 

java.io.IOException: 
	at java.base/sun.nio.ch.SocketDispatcher.read0(Native Method) ~[na:na]
	at java.base/sun.nio.ch.SocketDispatcher.read(SocketDispatcher.java:43) ~[na:na]
	at java.base/sun.nio.ch.IOUtil.readIntoNativeBuffer(IOUtil.java:283) ~[na:na]
	at java.base/sun.nio.ch.IOUtil.read(IOUtil.java:236) ~[na:na]
	at java.base/sun.nio.ch.IOUtil.read(IOUtil.java:226) ~[na:na]
	at java.base/sun.nio.ch.SocketChannelImpl.read(SocketChannelImpl.java:382) ~[na:na]
	at io.netty.buffer.PooledUnsafeDirectByteBuf.setBytes(PooledUnsafeDirectByteBuf.java:288) ~[netty-buffer-4.1.27.Final.jar:4.1.27.Final]
	at io.netty.buffer.AbstractByteBuf.writeBytes(AbstractByteBuf.java:1108) ~[netty-buffer-4.1.27.Final.jar:4.1.27.Final]
	at io.netty.channel.socket.nio.NioSocketChannel.doReadBytes(NioSocketChannel.java:345) ~[netty-transport-4.1.27.Final.jar:4.1.27.Final]
	at io.netty.channel.nio.AbstractNioByteChannel$NioByteUnsafe.read(AbstractNioByteChannel.java:148) ~[netty-transport-4.1.27.Final.jar:4.1.27.Final]
	at io.netty.channel.nio.NioEventLoop.processSelectedKey(NioEventLoop.java:646) [netty-transport-4.1.27.Final.jar:4.1.27.Final]
	at io.netty.channel.nio.NioEventLoop.processSelectedKeysPlain(NioEventLoop.java:546) [netty-transport-4.1.27.Final.jar:4.1.27.Final]
	at io.netty.channel.nio.NioEventLoop.processSelectedKeys(NioEventLoop.java:500) [netty-transport-4.1.27.Final.jar:4.1.27.Final]
	at io.netty.channel.nio.NioEventLoop.run(NioEventLoop.java:460) [netty-transport-4.1.27.Final.jar:4.1.27.Final]
	at io.netty.util.concurrent.SingleThreadEventExecutor$5.run(SingleThreadEventExecutor.java:884) [netty-common-4.1.27.Final.jar:4.1.27.Final]
	at io.netty.util.concurrent.FastThreadLocalRunnable.run(FastThreadLocalRunnable.java:30) [netty-common-4.1.27.Final.jar:4.1.27.Final]
	at java.base/java.lang.Thread.run(Thread.java:844) [na:na]

2018-10-19 17:43:27.307  INFO 26244 --- [lettuce-eventExecutorLoop-1-1] i.l.core.protocol.ConnectionWatchdog     : Reconnecting, last destination was localhost/127.0.0.1:6379
2018-10-19 17:43:27.307  INFO 26244 --- [lettuce-eventExecutorLoop-1-2] i.l.core.protocol.ConnectionWatchdog     : Reconnecting, last destination was localhost/127.0.0.1:6379
2018-10-19 17:43:28.322  WARN 26244 --- [lettuce-nioEventLoop-4-4] i.l.core.protocol.ConnectionWatchdog     : Cannot reconnect: io.netty.channel.AbstractChannel$AnnotatedConnectException: Connection refused: no further information: localhost/127.0.0.1:6379
2018-10-19 17:43:28.322  WARN 26244 --- [lettuce-nioEventLoop-4-3] i.l.core.protocol.ConnectionWatchdog     : Cannot reconnect: io.netty.channel.AbstractChannel$AnnotatedConnectException: Connection refused: no further information: localhost/127.0.0.1:6379
2018-10-19 17:43:31.706  INFO 26244 --- [lettuce-nioEventLoop-4-4] i.l.core.protocol.ReconnectionHandler    : Reconnected to localhost:6379
2018-10-19 17:43:31.707  INFO 26244 --- [lettuce-nioEventLoop-4-3] i.l.core.protocol.ReconnectionHandler    : Reconnected to localhost:6379
2018-10-19 17:43:36.994  INFO 30232 --- [main] com.awssd.demo.DemoApplication           : Starting DemoApplication on DESKTOP-GMB7J2N with PID 30232 (D:\flutter\demoas\target\classes started by ShineTech in D:\flutter\demoas)
2018-10-19 17:43:36.997  INFO 30232 --- [main] com.awssd.demo.DemoApplication           : No active profile set, falling back to default profiles: default
2018-10-19 17:43:37.089  INFO 30232 --- [main] ConfigServletWebServerApplicationContext : Refreshing org.springframework.boot.web.servlet.context.AnnotationConfigServletWebServerApplicationContext@72d6b3ba: startup date [Fri Oct 19 17:43:37 CST 2018]; root of context hierarchy
2018-10-19 17:43:38.610  INFO 30232 --- [main] .s.d.r.c.RepositoryConfigurationDelegate : Multiple Spring Data modules found, entering strict repository configuration mode!
2018-10-19 17:43:39.623  INFO 30232 --- [main] trationDelegate$BeanPostProcessorChecker : Bean 'org.springframework.transaction.annotation.ProxyTransactionManagementConfiguration' of type [org.springframework.transaction.annotation.ProxyTransactionManagementConfiguration$$EnhancerBySpringCGLIB$$4058dbad] is not eligible for getting processed by all BeanPostProcessors (for example: not eligible for auto-proxying)
2018-10-19 17:43:41.157  INFO 30232 --- [main] o.s.b.w.embedded.tomcat.TomcatWebServer  : Tomcat initialized with port(s): 4456 (http)
2018-10-19 17:43:41.189  INFO 30232 --- [main] o.apache.catalina.core.StandardService   : Starting service [Tomcat]
2018-10-19 17:43:41.189  INFO 30232 --- [main] org.apache.catalina.core.StandardEngine  : Starting Servlet Engine: Apache Tomcat/8.5.32
2018-10-19 17:43:41.201  INFO 30232 --- [localhost-startStop-1] o.a.catalina.core.AprLifecycleListener   : The APR based Apache Tomcat Native library which allows optimal performance in production environments was not found on the java.library.path: [E:\Java\bin;C:\WINDOWS\Sun\Java\bin;C:\WINDOWS\system32;C:\WINDOWS;C:\Program Files\Docker\Docker\Resources\bin;C:\Program Files (x86)\Common Files\Oracle\Java\javapath;C:\WINDOWS\system32;C:\WINDOWS;C:\WINDOWS\System32\Wbem;C:\WINDOWS\System32\WindowsPowerShell\v1.0\;C:\Program Files\dotnet\;C:\Program Files\Microsoft SQL Server\130\Tools\Binn\;C:\Program Files\nodejs\;C:\Program Files\SourceGear\Common\DiffMerge\;C:\Program Files\Git\cmd;C:\Program Files (x86)\dotnet\;C:\Program Files\Microsoft SQL Server\Client SDK\ODBC\130\Tools\Binn\;C:\Program Files (x86)\Microsoft SQL Server\140\Tools\Binn\;C:\Program Files\Microsoft SQL Server\140\Tools\Binn\;C:\Program Files\Microsoft SQL Server\140\DTS\Binn\;C:\Program Files (x86)\Microsoft SQL Server\Client SDK\ODBC\130\Tools\Binn\;C:\Program Files (x86)\Microsoft SQL Server\140\DTS\Binn\;C:\Program Files (x86)\Microsoft SQL Server\140\Tools\Binn\ManagementStudio\;D:\flutter\flutter\bin;C:\WINDOWS\System32\OpenSSH\;E:\Java\bin;E:\erlang\erl10.0.1\bin;E:\Maven\Maven\bin\;E:\Sqlite;C:\Users\ShineTech\AppData\Local\Microsoft\WindowsApps;C:\Users\ShineTech\AppData\Roaming\npm;C:\Users\ShineTech\AppData\Local\GitHubDesktop\bin;C:\Program Files\Microsoft VS Code\bin;D:\flutter\flutter\bin;;%USERPROFILE%\AppData\Local\Microsoft\WindowsApps;C:\Users\ShineTech\.dotnet\tools;.]
2018-10-19 17:43:41.388  INFO 30232 --- [localhost-startStop-1] o.a.c.c.C.[Tomcat].[localhost].[/]       : Initializing Spring embedded WebApplicationContext
2018-10-19 17:43:41.389  INFO 30232 --- [localhost-startStop-1] o.s.web.context.ContextLoader            : Root WebApplicationContext: initialization completed in 4300 ms
2018-10-19 17:43:41.858  INFO 30232 --- [localhost-startStop-1] o.s.b.w.servlet.FilterRegistrationBean   : Mapping filter: 'characterEncodingFilter' to: [/*]
2018-10-19 17:43:41.858  INFO 30232 --- [localhost-startStop-1] o.s.b.w.servlet.FilterRegistrationBean   : Mapping filter: 'sessionRepositoryFilter' to: [/*]
2018-10-19 17:43:41.859  INFO 30232 --- [localhost-startStop-1] o.s.b.w.servlet.ServletRegistrationBean  : Servlet dispatcherServlet mapped to [/]
2018-10-19 17:43:42.221  INFO 30232 --- [main] c.a.d.s.SpringSessionConfiguration       : MySessionListenerInitialized
2018-10-19 17:43:42.367  INFO 30232 --- [main] io.lettuce.core.EpollProvider            : Starting without optional epoll library
2018-10-19 17:43:42.368  INFO 30232 --- [main] io.lettuce.core.KqueueProvider           : Starting without optional kqueue library
2018-10-19 17:43:43.192  INFO 30232 --- [main] s.w.s.m.m.a.RequestMappingHandlerMapping : Mapped "{[/Indez]}" onto public java.lang.String com.awssd.demo.controller.TestController.Test()
2018-10-19 17:43:43.194  INFO 30232 --- [main] s.w.s.m.m.a.RequestMappingHandlerMapping : Mapped "{[/Index1]}" onto public java.lang.Object com.awssd.demo.controller.UserQueryController.tick(javax.servlet.http.HttpServletRequest)
2018-10-19 17:43:43.198  INFO 30232 --- [main] s.w.s.m.m.a.RequestMappingHandlerMapping : Mapped "{[/Index/1]}" onto public int com.awssd.demo.controller.UserQueryController.ticks(javax.servlet.http.HttpServletRequest,javax.servlet.http.HttpServletResponse)
2018-10-19 17:43:43.198  INFO 30232 --- [main] s.w.s.m.m.a.RequestMappingHandlerMapping : Mapped "{[/deleteU/{username}]}" onto public int com.awssd.demo.controller.UserQueryController.deleteProduct(java.lang.String,javax.servlet.http.HttpServletResponse)
2018-10-19 17:43:43.199  INFO 30232 --- [main] s.w.s.m.m.a.RequestMappingHandlerMapping : Mapped "{[/Index2]}" onto public int com.awssd.demo.controller.UserQueryController.tickss(javax.servlet.http.HttpServletRequest)
2018-10-19 17:43:43.199  INFO 30232 --- [main] s.w.s.m.m.a.RequestMappingHandlerMapping : Mapped "{[/queryU/{username}]}" onto public java.util.List<com.awssd.demo.domain.User> com.awssd.demo.controller.UserQueryController.queryProduct(java.lang.String,javax.servlet.http.HttpServletResponse)
2018-10-19 17:43:43.205  INFO 30232 --- [main] s.w.s.m.m.a.RequestMappingHandlerMapping : Mapped "{[/error]}" onto public org.springframework.http.ResponseEntity<java.util.Map<java.lang.String, java.lang.Object>> org.springframework.boot.autoconfigure.web.servlet.error.BasicErrorController.error(javax.servlet.http.HttpServletRequest)
2018-10-19 17:43:43.211  INFO 30232 --- [main] s.w.s.m.m.a.RequestMappingHandlerMapping : Mapped "{[/error],produces=[text/html]}" onto public org.springframework.web.servlet.ModelAndView org.springframework.boot.autoconfigure.web.servlet.error.BasicErrorController.errorHtml(javax.servlet.http.HttpServletRequest,javax.servlet.http.HttpServletResponse)
2018-10-19 17:43:43.322  INFO 30232 --- [main] s.w.s.m.m.a.RequestMappingHandlerAdapter : Looking for @ControllerAdvice: org.springframework.boot.web.servlet.context.AnnotationConfigServletWebServerApplicationContext@72d6b3ba: startup date [Fri Oct 19 17:43:37 CST 2018]; root of context hierarchy
2018-10-19 17:43:44.191  INFO 30232 --- [main] o.s.j.e.a.AnnotationMBeanExporter        : Registering beans for JMX exposure on startup
2018-10-19 17:43:44.192  INFO 30232 --- [main] o.s.j.e.a.AnnotationMBeanExporter        : Bean with name 'dataSource' has been autodetected for JMX exposure
2018-10-19 17:43:44.200  INFO 30232 --- [main] o.s.j.e.a.AnnotationMBeanExporter        : Located MBean 'dataSource': registering with JMX server as MBean [com.zaxxer.hikari:name=dataSource,type=HikariDataSource]
2018-10-19 17:43:44.220  INFO 30232 --- [main] o.s.c.support.DefaultLifecycleProcessor  : Starting beans in phase 2147483647
2018-10-19 17:43:44.341  INFO 30232 --- [main] s.a.ScheduledAnnotationBeanPostProcessor : No TaskScheduler/ScheduledExecutorService bean found for scheduled processing
2018-10-19 17:43:44.423  INFO 30232 --- [main] o.s.b.w.embedded.tomcat.TomcatWebServer  : Tomcat started on port(s): 4456 (http) with context path ''
2018-10-19 17:43:44.432  INFO 30232 --- [main] com.awssd.demo.DemoApplication           : Started DemoApplication in 8.081 seconds (JVM running for 8.777)
2018-10-19 17:44:43.891  INFO 30232 --- [http-nio-4456-exec-1] o.apache.tomcat.util.http.parser.Cookie  : A cookie header was received [1539764971; JSESSIONID.67f5ded7=node012p9l5mu3rwdplrapa6rp3e6d0.node0; Idea-23bf4e2d=3f814728-5ccc-4023-a24a-f273e0a2060f; SESSION=ZmExODllY2UtMGI4YS00ZGZkLTg3OTQtYjUyOTIzMzljYTEy; Hm_lpvt_dde6ba2851f3db0ddc415ce0f895822e=1539942186] that contained an invalid cookie. That cookie will be ignored.Note: further occurrences of this error will be logged at DEBUG level.
2018-10-19 17:44:43.898  INFO 30232 --- [http-nio-4456-exec-1] o.a.c.c.C.[Tomcat].[localhost].[/]       : Initializing Spring FrameworkServlet 'dispatcherServlet'
2018-10-19 17:44:43.898  INFO 30232 --- [http-nio-4456-exec-1] o.s.web.servlet.DispatcherServlet        : FrameworkServlet 'dispatcherServlet': initialization started
2018-10-19 17:44:43.931  INFO 30232 --- [http-nio-4456-exec-1] o.s.web.servlet.DispatcherServlet        : FrameworkServlet 'dispatcherServlet': initialization completed in 33 ms
2018-10-19 17:44:44.059  INFO 30232 --- [redisMessageListenerContainer-2] c.a.d.s.SpringSessionConfiguration       : onSessionCreated
2018-10-19 17:45:04.063  INFO 30232 --- [redisMessageListenerContainer-3] c.a.d.s.SpringSessionConfiguration       : onSessionExpired
